[debug] [2020-09-13T10:25:27.848Z] ----------------------------------------------------------------------
[debug] [2020-09-13T10:25:27.852Z] Command:       /usr/bin/node /usr/bin/firebase emulators:start
[debug] [2020-09-13T10:25:27.853Z] CLI Version:   8.10.0
[debug] [2020-09-13T10:25:27.853Z] Platform:      linux
[debug] [2020-09-13T10:25:27.853Z] Node Version:  v14.9.0
[debug] [2020-09-13T10:25:27.854Z] Time:          Sun Sep 13 2020 17:25:27 GMT+0700 (Western Indonesia Time)
[debug] [2020-09-13T10:25:27.854Z] ----------------------------------------------------------------------
[debug] [2020-09-13T10:25:27.854Z] 
[debug] [2020-09-13T10:25:27.861Z] > command requires scopes: ["email","openid","https://www.googleapis.com/auth/cloudplatformprojects.readonly","https://www.googleapis.com/auth/firebase","https://www.googleapis.com/auth/cloud-platform"]
[debug] [2020-09-13T10:25:27.862Z] > authorizing via signed-in user
[info] i  emulators: Starting emulators: functions, hosting {"metadata":{"emulator":{"name":"hub"},"message":"Starting emulators: functions, hosting"}}
[debug] [2020-09-13T10:25:27.880Z] [hub] writing locator at /tmp/hub-challenge-97a60.json
[warn] ⚠  functions: The following emulators are not running, calls to these services from the Functions emulator will affect production: firestore, database, pubsub {"metadata":{"emulator":{"name":"functions"},"message":"The following emulators are not running, calls to these services from the Functions emulator will affect production: \u001b[1mfirestore, database, pubsub\u001b[22m"}}
[warn] ⚠  Your requested "node" version "10" doesn't match your global version "14" {"metadata":{"emulator":{"name":"functions"},"message":"Your requested \"node\" version \"10\" doesn't match your global version \"14\""}}
[debug] [2020-09-13T10:25:27.913Z] defaultcredentials: writing to file /home/sami/.config/firebase/skalexsong_gmail_com_application_default_credentials.json
[debug] [2020-09-13T10:25:27.916Z] Setting GAC to /home/sami/.config/firebase/skalexsong_gmail_com_application_default_credentials.json {"metadata":{"emulator":{"name":"functions"},"message":"Setting GAC to /home/sami/.config/firebase/skalexsong_gmail_com_application_default_credentials.json"}}
[debug] [2020-09-13T10:25:27.929Z] >>> HTTP REQUEST GET https://firebase.googleapis.com/v1beta1/projects/challenge-97a60/webApps/-/config  
 
[debug] [2020-09-13T10:25:29.175Z] <<< HTTP RESPONSE 200 {"content-type":"application/json; charset=UTF-8","vary":"X-Origin, Referer, Origin,Accept-Encoding","date":"Sun, 13 Sep 2020 10:25:29 GMT","server":"ESF","cache-control":"private","x-xss-protection":"0","x-frame-options":"SAMEORIGIN","x-content-type-options":"nosniff","alt-svc":"h3-29=\":443\"; ma=2592000,h3-27=\":443\"; ma=2592000,h3-T051=\":443\"; ma=2592000,h3-T050=\":443\"; ma=2592000,h3-Q050=\":443\"; ma=2592000,h3-Q046=\":443\"; ma=2592000,h3-Q043=\":443\"; ma=2592000,quic=\":443\"; ma=2592000; v=\"46,43\"","accept-ranges":"none","transfer-encoding":"chunked"}
[info] i  hosting: Serving hosting files from: build {"metadata":{"emulator":{"name":"hosting"},"message":"Serving hosting files from: \u001b[1mbuild\u001b[22m"}}
[info] ✔  hosting: Local server: http://localhost:5000 {"metadata":{"emulator":{"name":"hosting"},"message":"Local server: \u001b[4m\u001b[1mhttp://localhost:5000\u001b[22m\u001b[24m"}}
[debug] [2020-09-13T10:25:29.238Z] Ignoring unsupported arg: auto_download {"metadata":{"emulator":{"name":"ui"},"message":"Ignoring unsupported arg: auto_download"}}
[debug] [2020-09-13T10:25:29.239Z] Ignoring unsupported arg: port {"metadata":{"emulator":{"name":"ui"},"message":"Ignoring unsupported arg: port"}}
[debug] [2020-09-13T10:25:29.239Z] Starting Emulator UI with command {"binary":"node","args":["/home/sami/.cache/firebase/emulators/ui-v1.1.1/server.bundle.js"],"optionalArgs":[],"joinArgs":false} {"metadata":{"emulator":{"name":"ui"},"message":"Starting Emulator UI with command {\"binary\":\"node\",\"args\":[\"/home/sami/.cache/firebase/emulators/ui-v1.1.1/server.bundle.js\"],\"optionalArgs\":[],\"joinArgs\":false}"}}
[info] i  ui: Emulator UI logging to ui-debug.log {"metadata":{"emulator":{"name":"ui"},"message":"Emulator UI logging to \u001b[1mui-debug.log\u001b[22m"}}
[debug] [2020-09-13T10:25:29.345Z] Web / API server started at http://localhost:4000
 {"metadata":{"emulator":{"name":"ui"},"message":"Web / API server started at http://localhost:4000\n"}}
[info] i  functions: Watching "/home/sami/code/amazon-clone/functions" for Cloud Functions... {"metadata":{"emulator":{"name":"functions"},"message":"Watching \"/home/sami/code/amazon-clone/functions\" for Cloud Functions..."}}
[debug] [2020-09-13T10:25:29.523Z] [worker-pool] addWorker(~diagnostic~) {"metadata":{"emulator":{"name":"functions"},"message":"[worker-pool] addWorker(~diagnostic~)"}}
[debug] [2020-09-13T10:25:29.523Z] [worker-pool] Adding worker with key ~diagnostic~, total=1 {"metadata":{"emulator":{"name":"functions"},"message":"[worker-pool] Adding worker with key ~diagnostic~, total=1"}}
[debug] [2020-09-13T10:25:29.523Z] [worker-pool] submitWork(triggerId=) {"metadata":{"emulator":{"name":"functions"},"message":"[worker-pool] submitWork(triggerId=)"}}
[debug] [2020-09-13T10:25:29.524Z] [worker-~diagnostic~-e37069bc-6163-408d-813d-058ede4bb07d]: Assigning socketPath: /tmp/fire_emu_55714.sock {"metadata":{"emulator":{"name":"functions"},"message":"[worker-~diagnostic~-e37069bc-6163-408d-813d-058ede4bb07d]: Assigning socketPath: /tmp/fire_emu_55714.sock"}}
[debug] [2020-09-13T10:25:29.524Z] [worker-~diagnostic~-e37069bc-6163-408d-813d-058ede4bb07d]: BUSY {"metadata":{"emulator":{"name":"functions"},"message":"[worker-~diagnostic~-e37069bc-6163-408d-813d-058ede4bb07d]: BUSY"}}
[debug] [2020-09-13T10:25:29.786Z] [runtime-status] [55714] Functions runtime initialized. {"cwd":"/home/sami/code/amazon-clone/functions","node_version":"14.9.0"} {"metadata":{"emulator":{"name":"functions"},"message":"[runtime-status] [55714] Functions runtime initialized. {\"cwd\":\"/home/sami/code/amazon-clone/functions\",\"node_version\":\"14.9.0\"}"}}
[debug] [2020-09-13T10:25:29.787Z] [runtime-status] [55714] Disabled runtime features: undefined {"metadata":{"emulator":{"name":"functions"},"message":"[runtime-status] [55714] Disabled runtime features: undefined"}}
[debug] [2020-09-13T10:25:29.790Z] [runtime-status] [55714] Resolved module firebase-admin {"declared":true,"installed":true,"version":"8.13.0","resolution":"/home/sami/code/amazon-clone/functions/node_modules/firebase-admin/lib/index.js"} {"metadata":{"emulator":{"name":"functions"},"message":"[runtime-status] [55714] Resolved module firebase-admin {\"declared\":true,\"installed\":true,\"version\":\"8.13.0\",\"resolution\":\"/home/sami/code/amazon-clone/functions/node_modules/firebase-admin/lib/index.js\"}"}}
[debug] [2020-09-13T10:25:29.793Z] [runtime-status] [55714] Resolved module firebase-functions {"declared":true,"installed":true,"version":"3.11.0","resolution":"/home/sami/code/amazon-clone/functions/node_modules/firebase-functions/lib/index.js"} {"metadata":{"emulator":{"name":"functions"},"message":"[runtime-status] [55714] Resolved module firebase-functions {\"declared\":true,\"installed\":true,\"version\":\"3.11.0\",\"resolution\":\"/home/sami/code/amazon-clone/functions/node_modules/firebase-functions/lib/index.js\"}"}}
[debug] [2020-09-13T10:25:29.794Z] [runtime-status] [55714] Resolved module firebase-functions {"declared":true,"installed":true,"version":"3.11.0","resolution":"/home/sami/code/amazon-clone/functions/node_modules/firebase-functions/lib/index.js"} {"metadata":{"emulator":{"name":"functions"},"message":"[runtime-status] [55714] Resolved module firebase-functions {\"declared\":true,\"installed\":true,\"version\":\"3.11.0\",\"resolution\":\"/home/sami/code/amazon-clone/functions/node_modules/firebase-functions/lib/index.js\"}"}}
[debug] [2020-09-13T10:25:29.818Z] [runtime-status] [55714] Outgoing network have been stubbed. [{"name":"http","status":"mocked"},{"name":"http","status":"mocked"},{"name":"https","status":"mocked"},{"name":"https","status":"mocked"},{"name":"net","status":"mocked"}] {"metadata":{"emulator":{"name":"functions"},"message":"[runtime-status] [55714] Outgoing network have been stubbed. [{\"name\":\"http\",\"status\":\"mocked\"},{\"name\":\"http\",\"status\":\"mocked\"},{\"name\":\"https\",\"status\":\"mocked\"},{\"name\":\"https\",\"status\":\"mocked\"},{\"name\":\"net\",\"status\":\"mocked\"}]"}}
[debug] [2020-09-13T10:25:29.820Z] [runtime-status] [55714] Resolved module firebase-functions {"declared":true,"installed":true,"version":"3.11.0","resolution":"/home/sami/code/amazon-clone/functions/node_modules/firebase-functions/lib/index.js"} {"metadata":{"emulator":{"name":"functions"},"message":"[runtime-status] [55714] Resolved module firebase-functions {\"declared\":true,\"installed\":true,\"version\":\"3.11.0\",\"resolution\":\"/home/sami/code/amazon-clone/functions/node_modules/firebase-functions/lib/index.js\"}"}}
[debug] [2020-09-13T10:25:29.856Z] [runtime-status] [55714] Checked functions.config() {"config":{}} {"metadata":{"emulator":{"name":"functions"},"message":"[runtime-status] [55714] Checked functions.config() {\"config\":{}}"}}
[debug] [2020-09-13T10:25:29.856Z] [runtime-status] [55714] firebase-functions has been stubbed. {"functionsResolution":{"declared":true,"installed":true,"version":"3.11.0","resolution":"/home/sami/code/amazon-clone/functions/node_modules/firebase-functions/lib/index.js"}} {"metadata":{"emulator":{"name":"functions"},"message":"[runtime-status] [55714] firebase-functions has been stubbed. {\"functionsResolution\":{\"declared\":true,\"installed\":true,\"version\":\"3.11.0\",\"resolution\":\"/home/sami/code/amazon-clone/functions/node_modules/firebase-functions/lib/index.js\"}}"}}
[debug] [2020-09-13T10:25:29.857Z] [runtime-status] [55714] Resolved module firebase-functions {"declared":true,"installed":true,"version":"3.11.0","resolution":"/home/sami/code/amazon-clone/functions/node_modules/firebase-functions/lib/index.js"} {"metadata":{"emulator":{"name":"functions"},"message":"[runtime-status] [55714] Resolved module firebase-functions {\"declared\":true,\"installed\":true,\"version\":\"3.11.0\",\"resolution\":\"/home/sami/code/amazon-clone/functions/node_modules/firebase-functions/lib/index.js\"}"}}
[debug] [2020-09-13T10:25:29.858Z] [runtime-status] [55714] Resolved module firebase-admin {"declared":true,"installed":true,"version":"8.13.0","resolution":"/home/sami/code/amazon-clone/functions/node_modules/firebase-admin/lib/index.js"} {"metadata":{"emulator":{"name":"functions"},"message":"[runtime-status] [55714] Resolved module firebase-admin {\"declared\":true,\"installed\":true,\"version\":\"8.13.0\",\"resolution\":\"/home/sami/code/amazon-clone/functions/node_modules/firebase-admin/lib/index.js\"}"}}
[debug] [2020-09-13T10:25:29.859Z] [runtime-status] [55714] Resolved module firebase-functions {"declared":true,"installed":true,"version":"3.11.0","resolution":"/home/sami/code/amazon-clone/functions/node_modules/firebase-functions/lib/index.js"} {"metadata":{"emulator":{"name":"functions"},"message":"[runtime-status] [55714] Resolved module firebase-functions {\"declared\":true,\"installed\":true,\"version\":\"3.11.0\",\"resolution\":\"/home/sami/code/amazon-clone/functions/node_modules/firebase-functions/lib/index.js\"}"}}
[debug] [2020-09-13T10:25:29.859Z] [runtime-status] [55714] firebase-admin has been stubbed. {"adminResolution":{"declared":true,"installed":true,"version":"8.13.0","resolution":"/home/sami/code/amazon-clone/functions/node_modules/firebase-admin/lib/index.js"}} {"metadata":{"emulator":{"name":"functions"},"message":"[runtime-status] [55714] firebase-admin has been stubbed. {\"adminResolution\":{\"declared\":true,\"installed\":true,\"version\":\"8.13.0\",\"resolution\":\"/home/sami/code/amazon-clone/functions/node_modules/firebase-admin/lib/index.js\"}}"}}
[info] ✔  functions[api]: http function initialized (http://localhost:5001/challenge-97a60/us-central1/api). {"metadata":{"emulator":{"name":"functions"},"message":"\u001b[1mhttp\u001b[22m function initialized (http://localhost:5001/challenge-97a60/us-central1/api)."}}
[info] 
┌───────────────────────────────────────────────────────────────────────┐
│ ✔  All emulators ready! View status and logs at http://localhost:4000 │
└───────────────────────────────────────────────────────────────────────┘

┌───────────┬────────────────┬─────────────────────────────────┐
│ Emulator  │ Host:Port      │ View in Emulator UI             │
├───────────┼────────────────┼─────────────────────────────────┤
│ Functions │ localhost:5001 │ http://localhost:4000/functions │
├───────────┼────────────────┼─────────────────────────────────┤
│ Hosting   │ localhost:5000 │ n/a                             │
└───────────┴────────────────┴─────────────────────────────────┘
  Other reserved ports: 4400, 4500

Issues? Report them at https://github.com/firebase/firebase-tools/issues and attach the *-debug.log files.
 
[debug] [2020-09-13T10:25:29.941Z] [worker-~diagnostic~-e37069bc-6163-408d-813d-058ede4bb07d]: IDLE {"metadata":{"emulator":{"name":"functions"},"message":"[worker-~diagnostic~-e37069bc-6163-408d-813d-058ede4bb07d]: IDLE"}}
[debug] [2020-09-13T10:25:58.399Z] [work-queue] {"queueLength":1,"workRunningCount":0}
[debug] [2020-09-13T10:25:58.399Z] [work-queue] {"queueLength":0,"workRunningCount":1}
[debug] [2020-09-13T10:25:58.400Z] Accepted request POST /challenge-97a60/us-central1/api/payments/create?total=5498 --> api
[debug] [2020-09-13T10:25:58.408Z] [worker-pool] addWorker(api) {"metadata":{"emulator":{"name":"functions"},"message":"[worker-pool] addWorker(api)"}}
[debug] [2020-09-13T10:25:58.409Z] [worker-pool] Adding worker with key api, total=1 {"metadata":{"emulator":{"name":"functions"},"message":"[worker-pool] Adding worker with key api, total=1"}}
[debug] [2020-09-13T10:25:58.409Z] [worker-pool] submitWork(triggerId=api) {"metadata":{"emulator":{"name":"functions"},"message":"[worker-pool] submitWork(triggerId=api)"}}
[debug] [2020-09-13T10:25:58.409Z] [worker-api-72b6400e-789e-43d3-b2b1-b58061403895]: Assigning socketPath: /tmp/fire_emu_55753.sock {"metadata":{"emulator":{"name":"functions"},"message":"[worker-api-72b6400e-789e-43d3-b2b1-b58061403895]: Assigning socketPath: /tmp/fire_emu_55753.sock"}}
[debug] [2020-09-13T10:25:58.409Z] [worker-api-72b6400e-789e-43d3-b2b1-b58061403895]: BUSY {"metadata":{"emulator":{"name":"functions"},"message":"[worker-api-72b6400e-789e-43d3-b2b1-b58061403895]: BUSY"}}
[debug] [2020-09-13T10:26:02.575Z] [runtime-status] [55753] Functions runtime initialized. {"cwd":"/home/sami/code/amazon-clone/functions","node_version":"14.9.0"} {"metadata":{"emulator":{"name":"functions"},"function":{"name":"api"},"message":"[runtime-status] [55753] Functions runtime initialized. {\"cwd\":\"/home/sami/code/amazon-clone/functions\",\"node_version\":\"14.9.0\"}"}}
[debug] [2020-09-13T10:26:02.577Z] [runtime-status] [55753] Disabled runtime features: undefined {"metadata":{"emulator":{"name":"functions"},"function":{"name":"api"},"message":"[runtime-status] [55753] Disabled runtime features: undefined"}}
[debug] [2020-09-13T10:26:02.579Z] [runtime-status] [55753] Resolved module firebase-admin {"declared":true,"installed":true,"version":"8.13.0","resolution":"/home/sami/code/amazon-clone/functions/node_modules/firebase-admin/lib/index.js"} {"metadata":{"emulator":{"name":"functions"},"function":{"name":"api"},"message":"[runtime-status] [55753] Resolved module firebase-admin {\"declared\":true,\"installed\":true,\"version\":\"8.13.0\",\"resolution\":\"/home/sami/code/amazon-clone/functions/node_modules/firebase-admin/lib/index.js\"}"}}
[debug] [2020-09-13T10:26:02.581Z] [runtime-status] [55753] Resolved module firebase-functions {"declared":true,"installed":true,"version":"3.11.0","resolution":"/home/sami/code/amazon-clone/functions/node_modules/firebase-functions/lib/index.js"} {"metadata":{"emulator":{"name":"functions"},"function":{"name":"api"},"message":"[runtime-status] [55753] Resolved module firebase-functions {\"declared\":true,\"installed\":true,\"version\":\"3.11.0\",\"resolution\":\"/home/sami/code/amazon-clone/functions/node_modules/firebase-functions/lib/index.js\"}"}}
[debug] [2020-09-13T10:26:02.604Z] [runtime-status] [55753] Resolved module firebase-functions {"declared":true,"installed":true,"version":"3.11.0","resolution":"/home/sami/code/amazon-clone/functions/node_modules/firebase-functions/lib/index.js"} {"metadata":{"emulator":{"name":"functions"},"function":{"name":"api"},"message":"[runtime-status] [55753] Resolved module firebase-functions {\"declared\":true,\"installed\":true,\"version\":\"3.11.0\",\"resolution\":\"/home/sami/code/amazon-clone/functions/node_modules/firebase-functions/lib/index.js\"}"}}
[debug] [2020-09-13T10:26:02.608Z] [runtime-status] [55753] Outgoing network have been stubbed. [{"name":"http","status":"mocked"},{"name":"http","status":"mocked"},{"name":"https","status":"mocked"},{"name":"https","status":"mocked"},{"name":"net","status":"mocked"}] {"metadata":{"emulator":{"name":"functions"},"function":{"name":"api"},"message":"[runtime-status] [55753] Outgoing network have been stubbed. [{\"name\":\"http\",\"status\":\"mocked\"},{\"name\":\"http\",\"status\":\"mocked\"},{\"name\":\"https\",\"status\":\"mocked\"},{\"name\":\"https\",\"status\":\"mocked\"},{\"name\":\"net\",\"status\":\"mocked\"}]"}}
[debug] [2020-09-13T10:26:02.610Z] [runtime-status] [55753] Resolved module firebase-functions {"declared":true,"installed":true,"version":"3.11.0","resolution":"/home/sami/code/amazon-clone/functions/node_modules/firebase-functions/lib/index.js"} {"metadata":{"emulator":{"name":"functions"},"function":{"name":"api"},"message":"[runtime-status] [55753] Resolved module firebase-functions {\"declared\":true,\"installed\":true,\"version\":\"3.11.0\",\"resolution\":\"/home/sami/code/amazon-clone/functions/node_modules/firebase-functions/lib/index.js\"}"}}
[debug] [2020-09-13T10:26:02.644Z] [runtime-status] [55753] Checked functions.config() {"config":{}} {"metadata":{"emulator":{"name":"functions"},"function":{"name":"api"},"message":"[runtime-status] [55753] Checked functions.config() {\"config\":{}}"}}
[debug] [2020-09-13T10:26:02.644Z] [runtime-status] [55753] firebase-functions has been stubbed. {"functionsResolution":{"declared":true,"installed":true,"version":"3.11.0","resolution":"/home/sami/code/amazon-clone/functions/node_modules/firebase-functions/lib/index.js"}} {"metadata":{"emulator":{"name":"functions"},"function":{"name":"api"},"message":"[runtime-status] [55753] firebase-functions has been stubbed. {\"functionsResolution\":{\"declared\":true,\"installed\":true,\"version\":\"3.11.0\",\"resolution\":\"/home/sami/code/amazon-clone/functions/node_modules/firebase-functions/lib/index.js\"}}"}}
[debug] [2020-09-13T10:26:02.645Z] [runtime-status] [55753] Resolved module firebase-functions {"declared":true,"installed":true,"version":"3.11.0","resolution":"/home/sami/code/amazon-clone/functions/node_modules/firebase-functions/lib/index.js"} {"metadata":{"emulator":{"name":"functions"},"function":{"name":"api"},"message":"[runtime-status] [55753] Resolved module firebase-functions {\"declared\":true,\"installed\":true,\"version\":\"3.11.0\",\"resolution\":\"/home/sami/code/amazon-clone/functions/node_modules/firebase-functions/lib/index.js\"}"}}
[debug] [2020-09-13T10:26:02.645Z] [runtime-status] [55753] Resolved module firebase-admin {"declared":true,"installed":true,"version":"8.13.0","resolution":"/home/sami/code/amazon-clone/functions/node_modules/firebase-admin/lib/index.js"} {"metadata":{"emulator":{"name":"functions"},"function":{"name":"api"},"message":"[runtime-status] [55753] Resolved module firebase-admin {\"declared\":true,\"installed\":true,\"version\":\"8.13.0\",\"resolution\":\"/home/sami/code/amazon-clone/functions/node_modules/firebase-admin/lib/index.js\"}"}}
[debug] [2020-09-13T10:26:02.646Z] [runtime-status] [55753] Resolved module firebase-functions {"declared":true,"installed":true,"version":"3.11.0","resolution":"/home/sami/code/amazon-clone/functions/node_modules/firebase-functions/lib/index.js"} {"metadata":{"emulator":{"name":"functions"},"function":{"name":"api"},"message":"[runtime-status] [55753] Resolved module firebase-functions {\"declared\":true,\"installed\":true,\"version\":\"3.11.0\",\"resolution\":\"/home/sami/code/amazon-clone/functions/node_modules/firebase-functions/lib/index.js\"}"}}
[debug] [2020-09-13T10:26:02.646Z] [runtime-status] [55753] firebase-admin has been stubbed. {"adminResolution":{"declared":true,"installed":true,"version":"8.13.0","resolution":"/home/sami/code/amazon-clone/functions/node_modules/firebase-admin/lib/index.js"}} {"metadata":{"emulator":{"name":"functions"},"function":{"name":"api"},"message":"[runtime-status] [55753] firebase-admin has been stubbed. {\"adminResolution\":{\"declared\":true,\"installed\":true,\"version\":\"8.13.0\",\"resolution\":\"/home/sami/code/amazon-clone/functions/node_modules/firebase-admin/lib/index.js\"}}"}}
[debug] [2020-09-13T10:26:02.724Z] [runtime-status] [55753] Trigger "api" has been found, beginning invocation! {"metadata":{"emulator":{"name":"functions"},"function":{"name":"api"},"message":"[runtime-status] [55753] Trigger \"api\" has been found, beginning invocation!"}}
[info] i  functions: Beginning execution of "api" {"metadata":{"emulator":{"name":"functions"},"function":{"name":"api"},"message":"Beginning execution of \"api\""}}
[debug] [2020-09-13T10:26:02.726Z] [runtime-status] [55753] triggerDefinition {"httpsTrigger":{},"name":"api","entryPoint":"api"} {"metadata":{"emulator":{"name":"functions"},"function":{"name":"api"},"message":"[runtime-status] [55753] triggerDefinition {\"httpsTrigger\":{},\"name\":\"api\",\"entryPoint\":\"api\"}"}}
[debug] [2020-09-13T10:26:02.727Z] [runtime-status] [55753] Running api in mode HTTPS {"metadata":{"emulator":{"name":"functions"},"function":{"name":"api"},"message":"[runtime-status] [55753] Running api in mode HTTPS"}}
[debug] [2020-09-13T10:26:02.729Z] [runtime-status] [55753] Attempting to listen to socketPath: /tmp/fire_emu_55753.sock {"metadata":{"emulator":{"name":"functions"},"function":{"name":"api"},"message":"[runtime-status] [55753] Attempting to listen to socketPath: /tmp/fire_emu_55753.sock"}}
[debug] [2020-09-13T10:26:02.733Z] [functions] Runtime ready! Sending request! {"metadata":{"emulator":{"name":"functions"},"message":"[functions] Runtime ready! Sending request!"}}
[debug] [2020-09-13T10:26:02.742Z] [runtime-status] [55753] Ephemeral server handling POST request {"metadata":{"emulator":{"name":"functions"},"function":{"name":"api"},"message":"[runtime-status] [55753] Ephemeral server handling POST request"}}
[info] >  Payment Request Received! amount : 5498 {"user":"Payment Request Received! amount : 5498","metadata":{"emulator":{"name":"functions"},"function":{"name":"api"},"message":"\u001b[90m> \u001b[39m Payment Request Received! amount : 5498"}}
[debug] [2020-09-13T10:26:02.775Z] [runtime-status] [55753] Ephemeral server survived. {"metadata":{"emulator":{"name":"functions"},"function":{"name":"api"},"message":"[runtime-status] [55753] Ephemeral server survived."}}
[info] i  functions: Finished "api" in ~1s {"metadata":{"emulator":{"name":"functions"},"function":{"name":"api"},"message":"Finished \"api\" in ~1s"}}
[debug] [2020-09-13T10:26:03.433Z] [worker-api-72b6400e-789e-43d3-b2b1-b58061403895]: IDLE {"metadata":{"emulator":{"name":"functions"},"message":"[worker-api-72b6400e-789e-43d3-b2b1-b58061403895]: IDLE"}}
[debug] [2020-09-13T10:26:03.434Z] [work-queue] {"queueLength":0,"workRunningCount":0}
[debug] [2020-09-13T10:26:19.557Z] [work-queue] {"queueLength":1,"workRunningCount":0}
[debug] [2020-09-13T10:26:19.557Z] [work-queue] {"queueLength":0,"workRunningCount":1}
[debug] [2020-09-13T10:26:19.558Z] Accepted request POST /challenge-97a60/us-central1/api/payments/create?total=0 --> api
[debug] [2020-09-13T10:26:19.558Z] [worker-pool] submitWork(triggerId=api) {"metadata":{"emulator":{"name":"functions"},"message":"[worker-pool] submitWork(triggerId=api)"}}
[debug] [2020-09-13T10:26:19.558Z] [worker-api-72b6400e-789e-43d3-b2b1-b58061403895]: Assigning socketPath: /tmp/fire_emu_55753.sock {"metadata":{"emulator":{"name":"functions"},"message":"[worker-api-72b6400e-789e-43d3-b2b1-b58061403895]: Assigning socketPath: /tmp/fire_emu_55753.sock"}}
[debug] [2020-09-13T10:26:19.558Z] [worker-api-72b6400e-789e-43d3-b2b1-b58061403895]: BUSY {"metadata":{"emulator":{"name":"functions"},"message":"[worker-api-72b6400e-789e-43d3-b2b1-b58061403895]: BUSY"}}
[debug] [2020-09-13T10:26:19.559Z] [runtime-status] [55753] Trigger "api" has been found, beginning invocation! {"metadata":{"emulator":{"name":"functions"},"function":{"name":"api"},"message":"[runtime-status] [55753] Trigger \"api\" has been found, beginning invocation!"}}
[info] i  functions: Beginning execution of "api" {"metadata":{"emulator":{"name":"functions"},"function":{"name":"api"},"message":"Beginning execution of \"api\""}}
[debug] [2020-09-13T10:26:19.561Z] [runtime-status] [55753] triggerDefinition {"httpsTrigger":{},"name":"api","entryPoint":"api"} {"metadata":{"emulator":{"name":"functions"},"function":{"name":"api"},"message":"[runtime-status] [55753] triggerDefinition {\"httpsTrigger\":{},\"name\":\"api\",\"entryPoint\":\"api\"}"}}
[debug] [2020-09-13T10:26:19.562Z] [runtime-status] [55753] Running api in mode HTTPS {"metadata":{"emulator":{"name":"functions"},"function":{"name":"api"},"message":"[runtime-status] [55753] Running api in mode HTTPS"}}
[debug] [2020-09-13T10:26:19.564Z] [runtime-status] [55753] Attempting to listen to socketPath: /tmp/fire_emu_55753.sock {"metadata":{"emulator":{"name":"functions"},"function":{"name":"api"},"message":"[runtime-status] [55753] Attempting to listen to socketPath: /tmp/fire_emu_55753.sock"}}
[debug] [2020-09-13T10:26:19.567Z] [functions] Runtime ready! Sending request! {"metadata":{"emulator":{"name":"functions"},"message":"[functions] Runtime ready! Sending request!"}}
[debug] [2020-09-13T10:26:19.578Z] [runtime-status] [55753] Ephemeral server handling POST request {"metadata":{"emulator":{"name":"functions"},"function":{"name":"api"},"message":"[runtime-status] [55753] Ephemeral server handling POST request"}}
[debug] [2020-09-13T10:26:19.578Z] [runtime-status] [55753] Ephemeral server survived. {"metadata":{"emulator":{"name":"functions"},"function":{"name":"api"},"message":"[runtime-status] [55753] Ephemeral server survived."}}
[info] >  Payment Request Received! amount : 0 {"user":"Payment Request Received! amount : 0","metadata":{"emulator":{"name":"functions"},"function":{"name":"api"},"message":"\u001b[90m> \u001b[39m Payment Request Received! amount : 0"}}
[info] >  (node:55753) UnhandledPromiseRejectionWarning: Error: This value must be greater than or equal to 1. {"user":"(node:55753) UnhandledPromiseRejectionWarning: Error: This value must be greater than or equal to 1.","metadata":{"emulator":{"name":"functions"},"function":{"name":"api"},"message":"\u001b[90m> \u001b[39m (node:55753) UnhandledPromiseRejectionWarning: Error: This value must be greater than or equal to 1."}}
[info] >      at Function.generate (/home/sami/code/amazon-clone/functions/node_modules/stripe/lib/Error.js:39:16) {"user":"    at Function.generate (/home/sami/code/amazon-clone/functions/node_modules/stripe/lib/Error.js:39:16)","metadata":{"emulator":{"name":"functions"},"function":{"name":"api"},"message":"\u001b[90m> \u001b[39m     at Function.generate (/home/sami/code/amazon-clone/functions/node_modules/stripe/lib/Error.js:39:16)"}}
[info] >      at IncomingMessage.<anonymous> (/home/sami/code/amazon-clone/functions/node_modules/stripe/lib/StripeResource.js:190:33) {"user":"    at IncomingMessage.<anonymous> (/home/sami/code/amazon-clone/functions/node_modules/stripe/lib/StripeResource.js:190:33)","metadata":{"emulator":{"name":"functions"},"function":{"name":"api"},"message":"\u001b[90m> \u001b[39m     at IncomingMessage.<anonymous> (/home/sami/code/amazon-clone/functions/node_modules/stripe/lib/StripeResource.js:190:33)"}}
[info] >      at Object.onceWrapper (events.js:420:28) {"user":"    at Object.onceWrapper (events.js:420:28)","metadata":{"emulator":{"name":"functions"},"function":{"name":"api"},"message":"\u001b[90m> \u001b[39m     at Object.onceWrapper (events.js:420:28)"}}
[info] >      at IncomingMessage.emit (events.js:326:22) {"user":"    at IncomingMessage.emit (events.js:326:22)","metadata":{"emulator":{"name":"functions"},"function":{"name":"api"},"message":"\u001b[90m> \u001b[39m     at IncomingMessage.emit (events.js:326:22)"}}
[info] >      at endReadableNT (_stream_readable.js:1244:12) {"user":"    at endReadableNT (_stream_readable.js:1244:12)","metadata":{"emulator":{"name":"functions"},"function":{"name":"api"},"message":"\u001b[90m> \u001b[39m     at endReadableNT (_stream_readable.js:1244:12)"}}
[info] >      at processTicksAndRejections (internal/process/task_queues.js:80:21) {"user":"    at processTicksAndRejections (internal/process/task_queues.js:80:21)","metadata":{"emulator":{"name":"functions"},"function":{"name":"api"},"message":"\u001b[90m> \u001b[39m     at processTicksAndRejections (internal/process/task_queues.js:80:21)"}}
[info] >  (Use `node --trace-warnings ...` to show where the warning was created) {"user":"(Use `node --trace-warnings ...` to show where the warning was created)","metadata":{"emulator":{"name":"functions"},"function":{"name":"api"},"message":"\u001b[90m> \u001b[39m (Use `node --trace-warnings ...` to show where the warning was created)"}}
[info] >  (node:55753) UnhandledPromiseRejectionWarning: Unhandled promise rejection. This error originated either by throwing inside of an async function without a catch block, or by rejecting a promise which was not handled with .catch(). To terminate the node process on unhandled promise rejection, use the CLI flag `--unhandled-rejections=strict` (see https://nodejs.org/api/cli.html#cli_unhandled_rejections_mode). (rejection id: 1) {"user":"(node:55753) UnhandledPromiseRejectionWarning: Unhandled promise rejection. This error originated either by throwing inside of an async function without a catch block, or by rejecting a promise which was not handled with .catch(). To terminate the node process on unhandled promise rejection, use the CLI flag `--unhandled-rejections=strict` (see https://nodejs.org/api/cli.html#cli_unhandled_rejections_mode). (rejection id: 1)","metadata":{"emulator":{"name":"functions"},"function":{"name":"api"},"message":"\u001b[90m> \u001b[39m (node:55753) UnhandledPromiseRejectionWarning: Unhandled promise rejection. This error originated either by throwing inside of an async function without a catch block, or by rejecting a promise which was not handled with .catch(). To terminate the node process on unhandled promise rejection, use the CLI flag `--unhandled-rejections=strict` (see https://nodejs.org/api/cli.html#cli_unhandled_rejections_mode). (rejection id: 1)"}}
[info] >  (node:55753) [DEP0018] DeprecationWarning: Unhandled promise rejections are deprecated. In the future, promise rejections that are not handled will terminate the Node.js process with a non-zero exit code. {"user":"(node:55753) [DEP0018] DeprecationWarning: Unhandled promise rejections are deprecated. In the future, promise rejections that are not handled will terminate the Node.js process with a non-zero exit code.","metadata":{"emulator":{"name":"functions"},"function":{"name":"api"},"message":"\u001b[90m> \u001b[39m (node:55753) [DEP0018] DeprecationWarning: Unhandled promise rejections are deprecated. In the future, promise rejections that are not handled will terminate the Node.js process with a non-zero exit code."}}
[warn] ⚠  functions: Your function timed out after ~60s. To configure this timeout, see
      https://firebase.google.com/docs/functions/manage-functions#set_timeout_and_memory_allocation. {"metadata":{"emulator":{"name":"functions"},"function":{"name":"api"},"message":"Your function timed out after ~60s. To configure this timeout, see\n      https://firebase.google.com/docs/functions/manage-functions#set_timeout_and_memory_allocation."}}
[info] >  /usr/lib/node_modules/firebase-tools/lib/emulator/functionsEmulatorRuntime.js:642 {"user":"/usr/lib/node_modules/firebase-tools/lib/emulator/functionsEmulatorRuntime.js:642","metadata":{"emulator":{"name":"functions"},"function":{"name":"api"},"message":"\u001b[90m> \u001b[39m /usr/lib/node_modules/firebase-tools/lib/emulator/functionsEmulatorRuntime.js:642"}}
[info] >                  throw new Error("Function timed out."); {"user":"                throw new Error(\"Function timed out.\");","metadata":{"emulator":{"name":"functions"},"function":{"name":"api"},"message":"\u001b[90m> \u001b[39m                 throw new Error(\"Function timed out.\");"}}
[info] >                  ^ {"user":"                ^","metadata":{"emulator":{"name":"functions"},"function":{"name":"api"},"message":"\u001b[90m> \u001b[39m                 ^"}}
[info] >   {"user":"","metadata":{"emulator":{"name":"functions"},"function":{"name":"api"},"message":"\u001b[90m> \u001b[39m "}}
[info] >  Error: Function timed out. {"user":"Error: Function timed out.","metadata":{"emulator":{"name":"functions"},"function":{"name":"api"},"message":"\u001b[90m> \u001b[39m Error: Function timed out."}}
[info] >      at Timeout._onTimeout (/usr/lib/node_modules/firebase-tools/lib/emulator/functionsEmulatorRuntime.js:642:23) {"user":"    at Timeout._onTimeout (/usr/lib/node_modules/firebase-tools/lib/emulator/functionsEmulatorRuntime.js:642:23)","metadata":{"emulator":{"name":"functions"},"function":{"name":"api"},"message":"\u001b[90m> \u001b[39m     at Timeout._onTimeout (/usr/lib/node_modules/firebase-tools/lib/emulator/functionsEmulatorRuntime.js:642:23)"}}
[info] >      at listOnTimeout (internal/timers.js:554:17) {"user":"    at listOnTimeout (internal/timers.js:554:17)","metadata":{"emulator":{"name":"functions"},"function":{"name":"api"},"message":"\u001b[90m> \u001b[39m     at listOnTimeout (internal/timers.js:554:17)"}}
[info] >      at processTimers (internal/timers.js:497:7) {"user":"    at processTimers (internal/timers.js:497:7)","metadata":{"emulator":{"name":"functions"},"function":{"name":"api"},"message":"\u001b[90m> \u001b[39m     at processTimers (internal/timers.js:497:7)"}}
[debug] [2020-09-13T10:27:19.760Z] [worker-api-72b6400e-789e-43d3-b2b1-b58061403895]: exited {"metadata":{"emulator":{"name":"functions"},"message":"[worker-api-72b6400e-789e-43d3-b2b1-b58061403895]: exited"}}
[debug] [2020-09-13T10:27:19.760Z] [worker-api-72b6400e-789e-43d3-b2b1-b58061403895]: FINISHED {"metadata":{"emulator":{"name":"functions"},"message":"[worker-api-72b6400e-789e-43d3-b2b1-b58061403895]: FINISHED"}}
[debug] [2020-09-13T10:27:19.760Z] [work-queue] {"queueLength":0,"workRunningCount":0}
[debug] [2020-09-13T10:38:48.236Z] [work-queue] {"queueLength":1,"workRunningCount":0}
[debug] [2020-09-13T10:38:48.282Z] [work-queue] {"queueLength":0,"workRunningCount":1}
[debug] [2020-09-13T10:38:48.283Z] Accepted request POST /challenge-97a60/us-central1/api/payments/create?total=1998 --> api
[debug] [2020-09-13T10:38:48.283Z] [worker-pool] Cleaned up workers for api: 1 --> 0 {"metadata":{"emulator":{"name":"functions"},"message":"[worker-pool] Cleaned up workers for api: 1 --> 0"}}
[debug] [2020-09-13T10:38:48.559Z] [worker-pool] addWorker(api) {"metadata":{"emulator":{"name":"functions"},"message":"[worker-pool] addWorker(api)"}}
[debug] [2020-09-13T10:38:48.559Z] [worker-pool] Adding worker with key api, total=1 {"metadata":{"emulator":{"name":"functions"},"message":"[worker-pool] Adding worker with key api, total=1"}}
[debug] [2020-09-13T10:38:48.560Z] [worker-pool] submitWork(triggerId=api) {"metadata":{"emulator":{"name":"functions"},"message":"[worker-pool] submitWork(triggerId=api)"}}
[debug] [2020-09-13T10:38:48.560Z] [worker-api-b1b5723f-9e85-4d11-bc66-e4803c6bce19]: Assigning socketPath: /tmp/fire_emu_56941.sock {"metadata":{"emulator":{"name":"functions"},"message":"[worker-api-b1b5723f-9e85-4d11-bc66-e4803c6bce19]: Assigning socketPath: /tmp/fire_emu_56941.sock"}}
[debug] [2020-09-13T10:38:48.560Z] [worker-api-b1b5723f-9e85-4d11-bc66-e4803c6bce19]: BUSY {"metadata":{"emulator":{"name":"functions"},"message":"[worker-api-b1b5723f-9e85-4d11-bc66-e4803c6bce19]: BUSY"}}
[debug] [2020-09-13T10:38:54.607Z] [runtime-status] [56941] Functions runtime initialized. {"cwd":"/home/sami/code/amazon-clone/functions","node_version":"14.9.0"} {"metadata":{"emulator":{"name":"functions"},"function":{"name":"api"},"message":"[runtime-status] [56941] Functions runtime initialized. {\"cwd\":\"/home/sami/code/amazon-clone/functions\",\"node_version\":\"14.9.0\"}"}}
[debug] [2020-09-13T10:38:54.613Z] [runtime-status] [56941] Disabled runtime features: undefined {"metadata":{"emulator":{"name":"functions"},"function":{"name":"api"},"message":"[runtime-status] [56941] Disabled runtime features: undefined"}}
[debug] [2020-09-13T10:38:54.909Z] [runtime-status] [56941] Resolved module firebase-admin {"declared":true,"installed":true,"version":"8.13.0","resolution":"/home/sami/code/amazon-clone/functions/node_modules/firebase-admin/lib/index.js"} {"metadata":{"emulator":{"name":"functions"},"function":{"name":"api"},"message":"[runtime-status] [56941] Resolved module firebase-admin {\"declared\":true,\"installed\":true,\"version\":\"8.13.0\",\"resolution\":\"/home/sami/code/amazon-clone/functions/node_modules/firebase-admin/lib/index.js\"}"}}
[debug] [2020-09-13T10:38:54.972Z] [runtime-status] [56941] Resolved module firebase-functions {"declared":true,"installed":true,"version":"3.11.0","resolution":"/home/sami/code/amazon-clone/functions/node_modules/firebase-functions/lib/index.js"} {"metadata":{"emulator":{"name":"functions"},"function":{"name":"api"},"message":"[runtime-status] [56941] Resolved module firebase-functions {\"declared\":true,\"installed\":true,\"version\":\"3.11.0\",\"resolution\":\"/home/sami/code/amazon-clone/functions/node_modules/firebase-functions/lib/index.js\"}"}}
[debug] [2020-09-13T10:38:55.090Z] [runtime-status] [56941] Resolved module firebase-functions {"declared":true,"installed":true,"version":"3.11.0","resolution":"/home/sami/code/amazon-clone/functions/node_modules/firebase-functions/lib/index.js"} {"metadata":{"emulator":{"name":"functions"},"function":{"name":"api"},"message":"[runtime-status] [56941] Resolved module firebase-functions {\"declared\":true,\"installed\":true,\"version\":\"3.11.0\",\"resolution\":\"/home/sami/code/amazon-clone/functions/node_modules/firebase-functions/lib/index.js\"}"}}
[debug] [2020-09-13T10:38:55.103Z] [runtime-status] [56941] Outgoing network have been stubbed. [{"name":"http","status":"mocked"},{"name":"http","status":"mocked"},{"name":"https","status":"mocked"},{"name":"https","status":"mocked"},{"name":"net","status":"mocked"}] {"metadata":{"emulator":{"name":"functions"},"function":{"name":"api"},"message":"[runtime-status] [56941] Outgoing network have been stubbed. [{\"name\":\"http\",\"status\":\"mocked\"},{\"name\":\"http\",\"status\":\"mocked\"},{\"name\":\"https\",\"status\":\"mocked\"},{\"name\":\"https\",\"status\":\"mocked\"},{\"name\":\"net\",\"status\":\"mocked\"}]"}}
[debug] [2020-09-13T10:38:55.104Z] [runtime-status] [56941] Resolved module firebase-functions {"declared":true,"installed":true,"version":"3.11.0","resolution":"/home/sami/code/amazon-clone/functions/node_modules/firebase-functions/lib/index.js"} {"metadata":{"emulator":{"name":"functions"},"function":{"name":"api"},"message":"[runtime-status] [56941] Resolved module firebase-functions {\"declared\":true,\"installed\":true,\"version\":\"3.11.0\",\"resolution\":\"/home/sami/code/amazon-clone/functions/node_modules/firebase-functions/lib/index.js\"}"}}
[debug] [2020-09-13T10:38:55.410Z] [runtime-status] [56941] Checked functions.config() {"config":{}} {"metadata":{"emulator":{"name":"functions"},"function":{"name":"api"},"message":"[runtime-status] [56941] Checked functions.config() {\"config\":{}}"}}
[debug] [2020-09-13T10:38:55.410Z] [runtime-status] [56941] firebase-functions has been stubbed. {"functionsResolution":{"declared":true,"installed":true,"version":"3.11.0","resolution":"/home/sami/code/amazon-clone/functions/node_modules/firebase-functions/lib/index.js"}} {"metadata":{"emulator":{"name":"functions"},"function":{"name":"api"},"message":"[runtime-status] [56941] firebase-functions has been stubbed. {\"functionsResolution\":{\"declared\":true,\"installed\":true,\"version\":\"3.11.0\",\"resolution\":\"/home/sami/code/amazon-clone/functions/node_modules/firebase-functions/lib/index.js\"}}"}}
[debug] [2020-09-13T10:38:55.410Z] [runtime-status] [56941] Resolved module firebase-functions {"declared":true,"installed":true,"version":"3.11.0","resolution":"/home/sami/code/amazon-clone/functions/node_modules/firebase-functions/lib/index.js"} {"metadata":{"emulator":{"name":"functions"},"function":{"name":"api"},"message":"[runtime-status] [56941] Resolved module firebase-functions {\"declared\":true,\"installed\":true,\"version\":\"3.11.0\",\"resolution\":\"/home/sami/code/amazon-clone/functions/node_modules/firebase-functions/lib/index.js\"}"}}
[debug] [2020-09-13T10:38:55.412Z] [runtime-status] [56941] Resolved module firebase-admin {"declared":true,"installed":true,"version":"8.13.0","resolution":"/home/sami/code/amazon-clone/functions/node_modules/firebase-admin/lib/index.js"} {"metadata":{"emulator":{"name":"functions"},"function":{"name":"api"},"message":"[runtime-status] [56941] Resolved module firebase-admin {\"declared\":true,\"installed\":true,\"version\":\"8.13.0\",\"resolution\":\"/home/sami/code/amazon-clone/functions/node_modules/firebase-admin/lib/index.js\"}"}}
[debug] [2020-09-13T10:38:55.413Z] [runtime-status] [56941] Resolved module firebase-functions {"declared":true,"installed":true,"version":"3.11.0","resolution":"/home/sami/code/amazon-clone/functions/node_modules/firebase-functions/lib/index.js"} {"metadata":{"emulator":{"name":"functions"},"function":{"name":"api"},"message":"[runtime-status] [56941] Resolved module firebase-functions {\"declared\":true,\"installed\":true,\"version\":\"3.11.0\",\"resolution\":\"/home/sami/code/amazon-clone/functions/node_modules/firebase-functions/lib/index.js\"}"}}
[debug] [2020-09-13T10:38:55.414Z] [runtime-status] [56941] firebase-admin has been stubbed. {"adminResolution":{"declared":true,"installed":true,"version":"8.13.0","resolution":"/home/sami/code/amazon-clone/functions/node_modules/firebase-admin/lib/index.js"}} {"metadata":{"emulator":{"name":"functions"},"function":{"name":"api"},"message":"[runtime-status] [56941] firebase-admin has been stubbed. {\"adminResolution\":{\"declared\":true,\"installed\":true,\"version\":\"8.13.0\",\"resolution\":\"/home/sami/code/amazon-clone/functions/node_modules/firebase-admin/lib/index.js\"}}"}}
[debug] [2020-09-13T10:38:56.263Z] [runtime-status] [56941] Trigger "api" has been found, beginning invocation! {"metadata":{"emulator":{"name":"functions"},"function":{"name":"api"},"message":"[runtime-status] [56941] Trigger \"api\" has been found, beginning invocation!"}}
[info] i  functions: Beginning execution of "api" {"metadata":{"emulator":{"name":"functions"},"function":{"name":"api"},"message":"Beginning execution of \"api\""}}
[debug] [2020-09-13T10:38:56.265Z] [runtime-status] [56941] triggerDefinition {"httpsTrigger":{},"name":"api","entryPoint":"api"} {"metadata":{"emulator":{"name":"functions"},"function":{"name":"api"},"message":"[runtime-status] [56941] triggerDefinition {\"httpsTrigger\":{},\"name\":\"api\",\"entryPoint\":\"api\"}"}}
[debug] [2020-09-13T10:38:56.266Z] [runtime-status] [56941] Running api in mode HTTPS {"metadata":{"emulator":{"name":"functions"},"function":{"name":"api"},"message":"[runtime-status] [56941] Running api in mode HTTPS"}}
[debug] [2020-09-13T10:38:56.277Z] [runtime-status] [56941] Attempting to listen to socketPath: /tmp/fire_emu_56941.sock {"metadata":{"emulator":{"name":"functions"},"function":{"name":"api"},"message":"[runtime-status] [56941] Attempting to listen to socketPath: /tmp/fire_emu_56941.sock"}}
[debug] [2020-09-13T10:38:56.583Z] [functions] Runtime ready! Sending request! {"metadata":{"emulator":{"name":"functions"},"message":"[functions] Runtime ready! Sending request!"}}
[debug] [2020-09-13T10:38:56.721Z] [runtime-status] [56941] Ephemeral server handling POST request {"metadata":{"emulator":{"name":"functions"},"function":{"name":"api"},"message":"[runtime-status] [56941] Ephemeral server handling POST request"}}
[info] >  Payment Request Received! amount : 1998 {"user":"Payment Request Received! amount : 1998","metadata":{"emulator":{"name":"functions"},"function":{"name":"api"},"message":"\u001b[90m> \u001b[39m Payment Request Received! amount : 1998"}}
[debug] [2020-09-13T10:38:56.998Z] [runtime-status] [56941] Ephemeral server survived. {"metadata":{"emulator":{"name":"functions"},"function":{"name":"api"},"message":"[runtime-status] [56941] Ephemeral server survived."}}
[info] i  functions: Finished "api" in ~2s {"metadata":{"emulator":{"name":"functions"},"function":{"name":"api"},"message":"Finished \"api\" in ~2s"}}
[debug] [2020-09-13T10:38:58.427Z] [worker-api-b1b5723f-9e85-4d11-bc66-e4803c6bce19]: IDLE {"metadata":{"emulator":{"name":"functions"},"message":"[worker-api-b1b5723f-9e85-4d11-bc66-e4803c6bce19]: IDLE"}}
[debug] [2020-09-13T10:38:58.427Z] [work-queue] {"queueLength":0,"workRunningCount":0}
[debug] [2020-09-13T10:39:04.665Z] [work-queue] {"queueLength":1,"workRunningCount":0}
[debug] [2020-09-13T10:39:04.665Z] [work-queue] {"queueLength":0,"workRunningCount":1}
[debug] [2020-09-13T10:39:04.665Z] Accepted request POST /challenge-97a60/us-central1/api/payments/create?total=0 --> api
[debug] [2020-09-13T10:39:04.666Z] [worker-pool] submitWork(triggerId=api) {"metadata":{"emulator":{"name":"functions"},"message":"[worker-pool] submitWork(triggerId=api)"}}
[debug] [2020-09-13T10:39:04.666Z] [worker-api-b1b5723f-9e85-4d11-bc66-e4803c6bce19]: Assigning socketPath: /tmp/fire_emu_56941.sock {"metadata":{"emulator":{"name":"functions"},"message":"[worker-api-b1b5723f-9e85-4d11-bc66-e4803c6bce19]: Assigning socketPath: /tmp/fire_emu_56941.sock"}}
[debug] [2020-09-13T10:39:04.666Z] [worker-api-b1b5723f-9e85-4d11-bc66-e4803c6bce19]: BUSY {"metadata":{"emulator":{"name":"functions"},"message":"[worker-api-b1b5723f-9e85-4d11-bc66-e4803c6bce19]: BUSY"}}
[debug] [2020-09-13T10:39:04.675Z] [runtime-status] [56941] Trigger "api" has been found, beginning invocation! {"metadata":{"emulator":{"name":"functions"},"function":{"name":"api"},"message":"[runtime-status] [56941] Trigger \"api\" has been found, beginning invocation!"}}
[info] i  functions: Beginning execution of "api" {"metadata":{"emulator":{"name":"functions"},"function":{"name":"api"},"message":"Beginning execution of \"api\""}}
[debug] [2020-09-13T10:39:04.678Z] [runtime-status] [56941] triggerDefinition {"httpsTrigger":{},"name":"api","entryPoint":"api"} {"metadata":{"emulator":{"name":"functions"},"function":{"name":"api"},"message":"[runtime-status] [56941] triggerDefinition {\"httpsTrigger\":{},\"name\":\"api\",\"entryPoint\":\"api\"}"}}
[debug] [2020-09-13T10:39:04.678Z] [runtime-status] [56941] Running api in mode HTTPS {"metadata":{"emulator":{"name":"functions"},"function":{"name":"api"},"message":"[runtime-status] [56941] Running api in mode HTTPS"}}
[debug] [2020-09-13T10:39:04.692Z] [runtime-status] [56941] Attempting to listen to socketPath: /tmp/fire_emu_56941.sock {"metadata":{"emulator":{"name":"functions"},"function":{"name":"api"},"message":"[runtime-status] [56941] Attempting to listen to socketPath: /tmp/fire_emu_56941.sock"}}
[debug] [2020-09-13T10:39:04.693Z] [functions] Runtime ready! Sending request! {"metadata":{"emulator":{"name":"functions"},"message":"[functions] Runtime ready! Sending request!"}}
[debug] [2020-09-13T10:39:04.704Z] [runtime-status] [56941] Ephemeral server handling POST request {"metadata":{"emulator":{"name":"functions"},"function":{"name":"api"},"message":"[runtime-status] [56941] Ephemeral server handling POST request"}}
[info] >  Payment Request Received! amount : 0 {"user":"Payment Request Received! amount : 0","metadata":{"emulator":{"name":"functions"},"function":{"name":"api"},"message":"\u001b[90m> \u001b[39m Payment Request Received! amount : 0"}}
[debug] [2020-09-13T10:39:04.706Z] [runtime-status] [56941] Ephemeral server survived. {"metadata":{"emulator":{"name":"functions"},"function":{"name":"api"},"message":"[runtime-status] [56941] Ephemeral server survived."}}
[info] >  (node:56941) UnhandledPromiseRejectionWarning: Error: This value must be greater than or equal to 1. {"user":"(node:56941) UnhandledPromiseRejectionWarning: Error: This value must be greater than or equal to 1.","metadata":{"emulator":{"name":"functions"},"function":{"name":"api"},"message":"\u001b[90m> \u001b[39m (node:56941) UnhandledPromiseRejectionWarning: Error: This value must be greater than or equal to 1."}}
[info] >      at Function.generate (/home/sami/code/amazon-clone/functions/node_modules/stripe/lib/Error.js:39:16) {"user":"    at Function.generate (/home/sami/code/amazon-clone/functions/node_modules/stripe/lib/Error.js:39:16)","metadata":{"emulator":{"name":"functions"},"function":{"name":"api"},"message":"\u001b[90m> \u001b[39m     at Function.generate (/home/sami/code/amazon-clone/functions/node_modules/stripe/lib/Error.js:39:16)"}}
[info] >      at IncomingMessage.<anonymous> (/home/sami/code/amazon-clone/functions/node_modules/stripe/lib/StripeResource.js:190:33) {"user":"    at IncomingMessage.<anonymous> (/home/sami/code/amazon-clone/functions/node_modules/stripe/lib/StripeResource.js:190:33)","metadata":{"emulator":{"name":"functions"},"function":{"name":"api"},"message":"\u001b[90m> \u001b[39m     at IncomingMessage.<anonymous> (/home/sami/code/amazon-clone/functions/node_modules/stripe/lib/StripeResource.js:190:33)"}}
[info] >      at Object.onceWrapper (events.js:420:28) {"user":"    at Object.onceWrapper (events.js:420:28)","metadata":{"emulator":{"name":"functions"},"function":{"name":"api"},"message":"\u001b[90m> \u001b[39m     at Object.onceWrapper (events.js:420:28)"}}
[info] >      at IncomingMessage.emit (events.js:326:22) {"user":"    at IncomingMessage.emit (events.js:326:22)","metadata":{"emulator":{"name":"functions"},"function":{"name":"api"},"message":"\u001b[90m> \u001b[39m     at IncomingMessage.emit (events.js:326:22)"}}
[info] >      at endReadableNT (_stream_readable.js:1244:12) {"user":"    at endReadableNT (_stream_readable.js:1244:12)","metadata":{"emulator":{"name":"functions"},"function":{"name":"api"},"message":"\u001b[90m> \u001b[39m     at endReadableNT (_stream_readable.js:1244:12)"}}
[info] >      at processTicksAndRejections (internal/process/task_queues.js:80:21) {"user":"    at processTicksAndRejections (internal/process/task_queues.js:80:21)","metadata":{"emulator":{"name":"functions"},"function":{"name":"api"},"message":"\u001b[90m> \u001b[39m     at processTicksAndRejections (internal/process/task_queues.js:80:21)"}}
[info] >  (Use `node --trace-warnings ...` to show where the warning was created) {"user":"(Use `node --trace-warnings ...` to show where the warning was created)","metadata":{"emulator":{"name":"functions"},"function":{"name":"api"},"message":"\u001b[90m> \u001b[39m (Use `node --trace-warnings ...` to show where the warning was created)"}}
[info] >  (node:56941) UnhandledPromiseRejectionWarning: Unhandled promise rejection. This error originated either by throwing inside of an async function without a catch block, or by rejecting a promise which was not handled with .catch(). To terminate the node process on unhandled promise rejection, use the CLI flag `--unhandled-rejections=strict` (see https://nodejs.org/api/cli.html#cli_unhandled_rejections_mode). (rejection id: 1) {"user":"(node:56941) UnhandledPromiseRejectionWarning: Unhandled promise rejection. This error originated either by throwing inside of an async function without a catch block, or by rejecting a promise which was not handled with .catch(). To terminate the node process on unhandled promise rejection, use the CLI flag `--unhandled-rejections=strict` (see https://nodejs.org/api/cli.html#cli_unhandled_rejections_mode). (rejection id: 1)","metadata":{"emulator":{"name":"functions"},"function":{"name":"api"},"message":"\u001b[90m> \u001b[39m (node:56941) UnhandledPromiseRejectionWarning: Unhandled promise rejection. This error originated either by throwing inside of an async function without a catch block, or by rejecting a promise which was not handled with .catch(). To terminate the node process on unhandled promise rejection, use the CLI flag `--unhandled-rejections=strict` (see https://nodejs.org/api/cli.html#cli_unhandled_rejections_mode). (rejection id: 1)"}}
[info] >  (node:56941) [DEP0018] DeprecationWarning: Unhandled promise rejections are deprecated. In the future, promise rejections that are not handled will terminate the Node.js process with a non-zero exit code. {"user":"(node:56941) [DEP0018] DeprecationWarning: Unhandled promise rejections are deprecated. In the future, promise rejections that are not handled will terminate the Node.js process with a non-zero exit code.","metadata":{"emulator":{"name":"functions"},"function":{"name":"api"},"message":"\u001b[90m> \u001b[39m (node:56941) [DEP0018] DeprecationWarning: Unhandled promise rejections are deprecated. In the future, promise rejections that are not handled will terminate the Node.js process with a non-zero exit code."}}
[warn] ⚠  functions: Your function timed out after ~60s. To configure this timeout, see
      https://firebase.google.com/docs/functions/manage-functions#set_timeout_and_memory_allocation. {"metadata":{"emulator":{"name":"functions"},"function":{"name":"api"},"message":"Your function timed out after ~60s. To configure this timeout, see\n      https://firebase.google.com/docs/functions/manage-functions#set_timeout_and_memory_allocation."}}
[info] >  /usr/lib/node_modules/firebase-tools/lib/emulator/functionsEmulatorRuntime.js:642 {"user":"/usr/lib/node_modules/firebase-tools/lib/emulator/functionsEmulatorRuntime.js:642","metadata":{"emulator":{"name":"functions"},"function":{"name":"api"},"message":"\u001b[90m> \u001b[39m /usr/lib/node_modules/firebase-tools/lib/emulator/functionsEmulatorRuntime.js:642"}}
[info] >                  throw new Error("Function timed out."); {"user":"                throw new Error(\"Function timed out.\");","metadata":{"emulator":{"name":"functions"},"function":{"name":"api"},"message":"\u001b[90m> \u001b[39m                 throw new Error(\"Function timed out.\");"}}
[info] >                  ^ {"user":"                ^","metadata":{"emulator":{"name":"functions"},"function":{"name":"api"},"message":"\u001b[90m> \u001b[39m                 ^"}}
[info] >   {"user":"","metadata":{"emulator":{"name":"functions"},"function":{"name":"api"},"message":"\u001b[90m> \u001b[39m "}}
[info] >  Error: Function timed out. {"user":"Error: Function timed out.","metadata":{"emulator":{"name":"functions"},"function":{"name":"api"},"message":"\u001b[90m> \u001b[39m Error: Function timed out."}}
[info] >      at Timeout._onTimeout (/usr/lib/node_modules/firebase-tools/lib/emulator/functionsEmulatorRuntime.js:642:23) {"user":"    at Timeout._onTimeout (/usr/lib/node_modules/firebase-tools/lib/emulator/functionsEmulatorRuntime.js:642:23)","metadata":{"emulator":{"name":"functions"},"function":{"name":"api"},"message":"\u001b[90m> \u001b[39m     at Timeout._onTimeout (/usr/lib/node_modules/firebase-tools/lib/emulator/functionsEmulatorRuntime.js:642:23)"}}
[info] >      at listOnTimeout (internal/timers.js:554:17) {"user":"    at listOnTimeout (internal/timers.js:554:17)","metadata":{"emulator":{"name":"functions"},"function":{"name":"api"},"message":"\u001b[90m> \u001b[39m     at listOnTimeout (internal/timers.js:554:17)"}}
[info] >      at processTimers (internal/timers.js:497:7) {"user":"    at processTimers (internal/timers.js:497:7)","metadata":{"emulator":{"name":"functions"},"function":{"name":"api"},"message":"\u001b[90m> \u001b[39m     at processTimers (internal/timers.js:497:7)"}}
[debug] [2020-09-13T10:40:05.011Z] [worker-api-b1b5723f-9e85-4d11-bc66-e4803c6bce19]: exited {"metadata":{"emulator":{"name":"functions"},"message":"[worker-api-b1b5723f-9e85-4d11-bc66-e4803c6bce19]: exited"}}
[debug] [2020-09-13T10:40:05.011Z] [worker-api-b1b5723f-9e85-4d11-bc66-e4803c6bce19]: FINISHED {"metadata":{"emulator":{"name":"functions"},"message":"[worker-api-b1b5723f-9e85-4d11-bc66-e4803c6bce19]: FINISHED"}}
[debug] [2020-09-13T10:40:05.011Z] [work-queue] {"queueLength":0,"workRunningCount":0}
[debug] [2020-09-13T10:47:45.541Z] [work-queue] {"queueLength":1,"workRunningCount":0}
[debug] [2020-09-13T10:47:45.652Z] [work-queue] {"queueLength":0,"workRunningCount":1}
[debug] [2020-09-13T10:47:45.652Z] Accepted request POST /challenge-97a60/us-central1/api/payments/create?total=150277 --> api
[debug] [2020-09-13T10:47:45.652Z] [worker-pool] Cleaned up workers for api: 1 --> 0 {"metadata":{"emulator":{"name":"functions"},"message":"[worker-pool] Cleaned up workers for api: 1 --> 0"}}
[debug] [2020-09-13T10:47:46.285Z] [worker-pool] addWorker(api) {"metadata":{"emulator":{"name":"functions"},"message":"[worker-pool] addWorker(api)"}}
[debug] [2020-09-13T10:47:46.285Z] [worker-pool] Adding worker with key api, total=1 {"metadata":{"emulator":{"name":"functions"},"message":"[worker-pool] Adding worker with key api, total=1"}}
[debug] [2020-09-13T10:47:46.286Z] [worker-pool] submitWork(triggerId=api) {"metadata":{"emulator":{"name":"functions"},"message":"[worker-pool] submitWork(triggerId=api)"}}
[debug] [2020-09-13T10:47:46.286Z] [worker-api-05d8d14a-8a87-499d-bed2-9ecfe74da8a0]: Assigning socketPath: /tmp/fire_emu_58293.sock {"metadata":{"emulator":{"name":"functions"},"message":"[worker-api-05d8d14a-8a87-499d-bed2-9ecfe74da8a0]: Assigning socketPath: /tmp/fire_emu_58293.sock"}}
[debug] [2020-09-13T10:47:46.286Z] [worker-api-05d8d14a-8a87-499d-bed2-9ecfe74da8a0]: BUSY {"metadata":{"emulator":{"name":"functions"},"message":"[worker-api-05d8d14a-8a87-499d-bed2-9ecfe74da8a0]: BUSY"}}
[debug] [2020-09-13T10:47:55.168Z] [runtime-status] [58293] Functions runtime initialized. {"cwd":"/home/sami/code/amazon-clone/functions","node_version":"14.9.0"} {"metadata":{"emulator":{"name":"functions"},"function":{"name":"api"},"message":"[runtime-status] [58293] Functions runtime initialized. {\"cwd\":\"/home/sami/code/amazon-clone/functions\",\"node_version\":\"14.9.0\"}"}}
[debug] [2020-09-13T10:47:55.174Z] [runtime-status] [58293] Disabled runtime features: undefined {"metadata":{"emulator":{"name":"functions"},"function":{"name":"api"},"message":"[runtime-status] [58293] Disabled runtime features: undefined"}}
[debug] [2020-09-13T10:47:55.278Z] [runtime-status] [58293] Resolved module firebase-admin {"declared":true,"installed":true,"version":"8.13.0","resolution":"/home/sami/code/amazon-clone/functions/node_modules/firebase-admin/lib/index.js"} {"metadata":{"emulator":{"name":"functions"},"function":{"name":"api"},"message":"[runtime-status] [58293] Resolved module firebase-admin {\"declared\":true,\"installed\":true,\"version\":\"8.13.0\",\"resolution\":\"/home/sami/code/amazon-clone/functions/node_modules/firebase-admin/lib/index.js\"}"}}
[debug] [2020-09-13T10:47:55.286Z] [runtime-status] [58293] Resolved module firebase-functions {"declared":true,"installed":true,"version":"3.11.0","resolution":"/home/sami/code/amazon-clone/functions/node_modules/firebase-functions/lib/index.js"} {"metadata":{"emulator":{"name":"functions"},"function":{"name":"api"},"message":"[runtime-status] [58293] Resolved module firebase-functions {\"declared\":true,\"installed\":true,\"version\":\"3.11.0\",\"resolution\":\"/home/sami/code/amazon-clone/functions/node_modules/firebase-functions/lib/index.js\"}"}}
[debug] [2020-09-13T10:47:55.434Z] [runtime-status] [58293] Resolved module firebase-functions {"declared":true,"installed":true,"version":"3.11.0","resolution":"/home/sami/code/amazon-clone/functions/node_modules/firebase-functions/lib/index.js"} {"metadata":{"emulator":{"name":"functions"},"function":{"name":"api"},"message":"[runtime-status] [58293] Resolved module firebase-functions {\"declared\":true,\"installed\":true,\"version\":\"3.11.0\",\"resolution\":\"/home/sami/code/amazon-clone/functions/node_modules/firebase-functions/lib/index.js\"}"}}
[debug] [2020-09-13T10:47:55.471Z] [runtime-status] [58293] Outgoing network have been stubbed. [{"name":"http","status":"mocked"},{"name":"http","status":"mocked"},{"name":"https","status":"mocked"},{"name":"https","status":"mocked"},{"name":"net","status":"mocked"}] {"metadata":{"emulator":{"name":"functions"},"function":{"name":"api"},"message":"[runtime-status] [58293] Outgoing network have been stubbed. [{\"name\":\"http\",\"status\":\"mocked\"},{\"name\":\"http\",\"status\":\"mocked\"},{\"name\":\"https\",\"status\":\"mocked\"},{\"name\":\"https\",\"status\":\"mocked\"},{\"name\":\"net\",\"status\":\"mocked\"}]"}}
[debug] [2020-09-13T10:47:55.472Z] [runtime-status] [58293] Resolved module firebase-functions {"declared":true,"installed":true,"version":"3.11.0","resolution":"/home/sami/code/amazon-clone/functions/node_modules/firebase-functions/lib/index.js"} {"metadata":{"emulator":{"name":"functions"},"function":{"name":"api"},"message":"[runtime-status] [58293] Resolved module firebase-functions {\"declared\":true,\"installed\":true,\"version\":\"3.11.0\",\"resolution\":\"/home/sami/code/amazon-clone/functions/node_modules/firebase-functions/lib/index.js\"}"}}
[debug] [2020-09-13T10:47:56.021Z] [runtime-status] [58293] Checked functions.config() {"config":{}} {"metadata":{"emulator":{"name":"functions"},"function":{"name":"api"},"message":"[runtime-status] [58293] Checked functions.config() {\"config\":{}}"}}
[debug] [2020-09-13T10:47:56.022Z] [runtime-status] [58293] firebase-functions has been stubbed. {"functionsResolution":{"declared":true,"installed":true,"version":"3.11.0","resolution":"/home/sami/code/amazon-clone/functions/node_modules/firebase-functions/lib/index.js"}} {"metadata":{"emulator":{"name":"functions"},"function":{"name":"api"},"message":"[runtime-status] [58293] firebase-functions has been stubbed. {\"functionsResolution\":{\"declared\":true,\"installed\":true,\"version\":\"3.11.0\",\"resolution\":\"/home/sami/code/amazon-clone/functions/node_modules/firebase-functions/lib/index.js\"}}"}}
[debug] [2020-09-13T10:47:56.022Z] [runtime-status] [58293] Resolved module firebase-functions {"declared":true,"installed":true,"version":"3.11.0","resolution":"/home/sami/code/amazon-clone/functions/node_modules/firebase-functions/lib/index.js"} {"metadata":{"emulator":{"name":"functions"},"function":{"name":"api"},"message":"[runtime-status] [58293] Resolved module firebase-functions {\"declared\":true,\"installed\":true,\"version\":\"3.11.0\",\"resolution\":\"/home/sami/code/amazon-clone/functions/node_modules/firebase-functions/lib/index.js\"}"}}
[debug] [2020-09-13T10:47:56.023Z] [runtime-status] [58293] Resolved module firebase-admin {"declared":true,"installed":true,"version":"8.13.0","resolution":"/home/sami/code/amazon-clone/functions/node_modules/firebase-admin/lib/index.js"} {"metadata":{"emulator":{"name":"functions"},"function":{"name":"api"},"message":"[runtime-status] [58293] Resolved module firebase-admin {\"declared\":true,\"installed\":true,\"version\":\"8.13.0\",\"resolution\":\"/home/sami/code/amazon-clone/functions/node_modules/firebase-admin/lib/index.js\"}"}}
[debug] [2020-09-13T10:47:56.024Z] [runtime-status] [58293] Resolved module firebase-functions {"declared":true,"installed":true,"version":"3.11.0","resolution":"/home/sami/code/amazon-clone/functions/node_modules/firebase-functions/lib/index.js"} {"metadata":{"emulator":{"name":"functions"},"function":{"name":"api"},"message":"[runtime-status] [58293] Resolved module firebase-functions {\"declared\":true,\"installed\":true,\"version\":\"3.11.0\",\"resolution\":\"/home/sami/code/amazon-clone/functions/node_modules/firebase-functions/lib/index.js\"}"}}
[debug] [2020-09-13T10:47:56.024Z] [runtime-status] [58293] firebase-admin has been stubbed. {"adminResolution":{"declared":true,"installed":true,"version":"8.13.0","resolution":"/home/sami/code/amazon-clone/functions/node_modules/firebase-admin/lib/index.js"}} {"metadata":{"emulator":{"name":"functions"},"function":{"name":"api"},"message":"[runtime-status] [58293] firebase-admin has been stubbed. {\"adminResolution\":{\"declared\":true,\"installed\":true,\"version\":\"8.13.0\",\"resolution\":\"/home/sami/code/amazon-clone/functions/node_modules/firebase-admin/lib/index.js\"}}"}}
[debug] [2020-09-13T10:47:56.928Z] [runtime-status] [58293] Trigger "api" has been found, beginning invocation! {"metadata":{"emulator":{"name":"functions"},"function":{"name":"api"},"message":"[runtime-status] [58293] Trigger \"api\" has been found, beginning invocation!"}}
[info] i  functions: Beginning execution of "api" {"metadata":{"emulator":{"name":"functions"},"function":{"name":"api"},"message":"Beginning execution of \"api\""}}
[debug] [2020-09-13T10:47:56.929Z] [runtime-status] [58293] triggerDefinition {"httpsTrigger":{},"name":"api","entryPoint":"api"} {"metadata":{"emulator":{"name":"functions"},"function":{"name":"api"},"message":"[runtime-status] [58293] triggerDefinition {\"httpsTrigger\":{},\"name\":\"api\",\"entryPoint\":\"api\"}"}}
[debug] [2020-09-13T10:47:56.930Z] [runtime-status] [58293] Running api in mode HTTPS {"metadata":{"emulator":{"name":"functions"},"function":{"name":"api"},"message":"[runtime-status] [58293] Running api in mode HTTPS"}}
[debug] [2020-09-13T10:47:56.939Z] [runtime-status] [58293] Attempting to listen to socketPath: /tmp/fire_emu_58293.sock {"metadata":{"emulator":{"name":"functions"},"function":{"name":"api"},"message":"[runtime-status] [58293] Attempting to listen to socketPath: /tmp/fire_emu_58293.sock"}}
[debug] [2020-09-13T10:47:57.204Z] [functions] Runtime ready! Sending request! {"metadata":{"emulator":{"name":"functions"},"message":"[functions] Runtime ready! Sending request!"}}
[debug] [2020-09-13T10:47:57.265Z] [runtime-status] [58293] Ephemeral server handling POST request {"metadata":{"emulator":{"name":"functions"},"function":{"name":"api"},"message":"[runtime-status] [58293] Ephemeral server handling POST request"}}
[info] >  Payment Request Received! amount : 150277 {"user":"Payment Request Received! amount : 150277","metadata":{"emulator":{"name":"functions"},"function":{"name":"api"},"message":"\u001b[90m> \u001b[39m Payment Request Received! amount : 150277"}}
[debug] [2020-09-13T10:47:57.278Z] [runtime-status] [58293] Ephemeral server survived. {"metadata":{"emulator":{"name":"functions"},"function":{"name":"api"},"message":"[runtime-status] [58293] Ephemeral server survived."}}
[info] i  functions: Finished "api" in ~1s {"metadata":{"emulator":{"name":"functions"},"function":{"name":"api"},"message":"Finished \"api\" in ~1s"}}
[debug] [2020-09-13T10:47:58.112Z] [worker-api-05d8d14a-8a87-499d-bed2-9ecfe74da8a0]: IDLE {"metadata":{"emulator":{"name":"functions"},"message":"[worker-api-05d8d14a-8a87-499d-bed2-9ecfe74da8a0]: IDLE"}}
[debug] [2020-09-13T10:47:58.113Z] [work-queue] {"queueLength":0,"workRunningCount":0}
[debug] [2020-09-13T10:48:34.497Z] [work-queue] {"queueLength":1,"workRunningCount":0}
[debug] [2020-09-13T10:48:34.497Z] [work-queue] {"queueLength":0,"workRunningCount":1}
[debug] [2020-09-13T10:48:34.498Z] Accepted request POST /challenge-97a60/us-central1/api/payments/create?total=150277 --> api
[debug] [2020-09-13T10:48:34.498Z] [worker-pool] submitWork(triggerId=api) {"metadata":{"emulator":{"name":"functions"},"message":"[worker-pool] submitWork(triggerId=api)"}}
[debug] [2020-09-13T10:48:34.498Z] [worker-api-05d8d14a-8a87-499d-bed2-9ecfe74da8a0]: Assigning socketPath: /tmp/fire_emu_58293.sock {"metadata":{"emulator":{"name":"functions"},"message":"[worker-api-05d8d14a-8a87-499d-bed2-9ecfe74da8a0]: Assigning socketPath: /tmp/fire_emu_58293.sock"}}
[debug] [2020-09-13T10:48:34.498Z] [worker-api-05d8d14a-8a87-499d-bed2-9ecfe74da8a0]: BUSY {"metadata":{"emulator":{"name":"functions"},"message":"[worker-api-05d8d14a-8a87-499d-bed2-9ecfe74da8a0]: BUSY"}}
[debug] [2020-09-13T10:48:34.499Z] [runtime-status] [58293] Trigger "api" has been found, beginning invocation! {"metadata":{"emulator":{"name":"functions"},"function":{"name":"api"},"message":"[runtime-status] [58293] Trigger \"api\" has been found, beginning invocation!"}}
[info] i  functions: Beginning execution of "api" {"metadata":{"emulator":{"name":"functions"},"function":{"name":"api"},"message":"Beginning execution of \"api\""}}
[debug] [2020-09-13T10:48:34.499Z] [runtime-status] [58293] triggerDefinition {"httpsTrigger":{},"name":"api","entryPoint":"api"} {"metadata":{"emulator":{"name":"functions"},"function":{"name":"api"},"message":"[runtime-status] [58293] triggerDefinition {\"httpsTrigger\":{},\"name\":\"api\",\"entryPoint\":\"api\"}"}}
[debug] [2020-09-13T10:48:34.499Z] [runtime-status] [58293] Running api in mode HTTPS {"metadata":{"emulator":{"name":"functions"},"function":{"name":"api"},"message":"[runtime-status] [58293] Running api in mode HTTPS"}}
[debug] [2020-09-13T10:48:34.500Z] [runtime-status] [58293] Attempting to listen to socketPath: /tmp/fire_emu_58293.sock {"metadata":{"emulator":{"name":"functions"},"function":{"name":"api"},"message":"[runtime-status] [58293] Attempting to listen to socketPath: /tmp/fire_emu_58293.sock"}}
[debug] [2020-09-13T10:48:34.501Z] [functions] Runtime ready! Sending request! {"metadata":{"emulator":{"name":"functions"},"message":"[functions] Runtime ready! Sending request!"}}
[debug] [2020-09-13T10:48:34.504Z] [runtime-status] [58293] Ephemeral server handling POST request {"metadata":{"emulator":{"name":"functions"},"function":{"name":"api"},"message":"[runtime-status] [58293] Ephemeral server handling POST request"}}
[info] >  Payment Request Received! amount : 150277 {"user":"Payment Request Received! amount : 150277","metadata":{"emulator":{"name":"functions"},"function":{"name":"api"},"message":"\u001b[90m> \u001b[39m Payment Request Received! amount : 150277"}}
[debug] [2020-09-13T10:48:34.507Z] [runtime-status] [58293] Ephemeral server survived. {"metadata":{"emulator":{"name":"functions"},"function":{"name":"api"},"message":"[runtime-status] [58293] Ephemeral server survived."}}
[info] i  functions: Finished "api" in ~1s {"metadata":{"emulator":{"name":"functions"},"function":{"name":"api"},"message":"Finished \"api\" in ~1s"}}
[debug] [2020-09-13T10:48:34.863Z] [worker-api-05d8d14a-8a87-499d-bed2-9ecfe74da8a0]: IDLE {"metadata":{"emulator":{"name":"functions"},"message":"[worker-api-05d8d14a-8a87-499d-bed2-9ecfe74da8a0]: IDLE"}}
[debug] [2020-09-13T10:48:34.865Z] [work-queue] {"queueLength":0,"workRunningCount":0}
[debug] [2020-09-13T10:48:51.480Z] [work-queue] {"queueLength":1,"workRunningCount":0}
[debug] [2020-09-13T10:48:51.481Z] [work-queue] {"queueLength":0,"workRunningCount":1}
[debug] [2020-09-13T10:48:51.481Z] Accepted request POST /challenge-97a60/us-central1/api/payments/create?total=0 --> api
[debug] [2020-09-13T10:48:51.481Z] [worker-pool] submitWork(triggerId=api) {"metadata":{"emulator":{"name":"functions"},"message":"[worker-pool] submitWork(triggerId=api)"}}
[debug] [2020-09-13T10:48:51.482Z] [worker-api-05d8d14a-8a87-499d-bed2-9ecfe74da8a0]: Assigning socketPath: /tmp/fire_emu_58293.sock {"metadata":{"emulator":{"name":"functions"},"message":"[worker-api-05d8d14a-8a87-499d-bed2-9ecfe74da8a0]: Assigning socketPath: /tmp/fire_emu_58293.sock"}}
[debug] [2020-09-13T10:48:51.482Z] [worker-api-05d8d14a-8a87-499d-bed2-9ecfe74da8a0]: BUSY {"metadata":{"emulator":{"name":"functions"},"message":"[worker-api-05d8d14a-8a87-499d-bed2-9ecfe74da8a0]: BUSY"}}
[debug] [2020-09-13T10:48:51.484Z] [runtime-status] [58293] Trigger "api" has been found, beginning invocation! {"metadata":{"emulator":{"name":"functions"},"function":{"name":"api"},"message":"[runtime-status] [58293] Trigger \"api\" has been found, beginning invocation!"}}
[info] i  functions: Beginning execution of "api" {"metadata":{"emulator":{"name":"functions"},"function":{"name":"api"},"message":"Beginning execution of \"api\""}}
[debug] [2020-09-13T10:48:51.485Z] [runtime-status] [58293] triggerDefinition {"httpsTrigger":{},"name":"api","entryPoint":"api"} {"metadata":{"emulator":{"name":"functions"},"function":{"name":"api"},"message":"[runtime-status] [58293] triggerDefinition {\"httpsTrigger\":{},\"name\":\"api\",\"entryPoint\":\"api\"}"}}
[debug] [2020-09-13T10:48:51.485Z] [runtime-status] [58293] Running api in mode HTTPS {"metadata":{"emulator":{"name":"functions"},"function":{"name":"api"},"message":"[runtime-status] [58293] Running api in mode HTTPS"}}
[debug] [2020-09-13T10:48:51.485Z] [runtime-status] [58293] Attempting to listen to socketPath: /tmp/fire_emu_58293.sock {"metadata":{"emulator":{"name":"functions"},"function":{"name":"api"},"message":"[runtime-status] [58293] Attempting to listen to socketPath: /tmp/fire_emu_58293.sock"}}
[debug] [2020-09-13T10:48:51.486Z] [functions] Runtime ready! Sending request! {"metadata":{"emulator":{"name":"functions"},"message":"[functions] Runtime ready! Sending request!"}}
[debug] [2020-09-13T10:48:51.492Z] [runtime-status] [58293] Ephemeral server handling POST request {"metadata":{"emulator":{"name":"functions"},"function":{"name":"api"},"message":"[runtime-status] [58293] Ephemeral server handling POST request"}}
[info] >  Payment Request Received! amount : 0 {"user":"Payment Request Received! amount : 0","metadata":{"emulator":{"name":"functions"},"function":{"name":"api"},"message":"\u001b[90m> \u001b[39m Payment Request Received! amount : 0"}}
[debug] [2020-09-13T10:48:51.498Z] [runtime-status] [58293] Ephemeral server survived. {"metadata":{"emulator":{"name":"functions"},"function":{"name":"api"},"message":"[runtime-status] [58293] Ephemeral server survived."}}
[info] >  (node:58293) UnhandledPromiseRejectionWarning: Error: This value must be greater than or equal to 1. {"user":"(node:58293) UnhandledPromiseRejectionWarning: Error: This value must be greater than or equal to 1.","metadata":{"emulator":{"name":"functions"},"function":{"name":"api"},"message":"\u001b[90m> \u001b[39m (node:58293) UnhandledPromiseRejectionWarning: Error: This value must be greater than or equal to 1."}}
[info] >      at Function.generate (/home/sami/code/amazon-clone/functions/node_modules/stripe/lib/Error.js:39:16) {"user":"    at Function.generate (/home/sami/code/amazon-clone/functions/node_modules/stripe/lib/Error.js:39:16)","metadata":{"emulator":{"name":"functions"},"function":{"name":"api"},"message":"\u001b[90m> \u001b[39m     at Function.generate (/home/sami/code/amazon-clone/functions/node_modules/stripe/lib/Error.js:39:16)"}}
[info] >      at IncomingMessage.<anonymous> (/home/sami/code/amazon-clone/functions/node_modules/stripe/lib/StripeResource.js:190:33) {"user":"    at IncomingMessage.<anonymous> (/home/sami/code/amazon-clone/functions/node_modules/stripe/lib/StripeResource.js:190:33)","metadata":{"emulator":{"name":"functions"},"function":{"name":"api"},"message":"\u001b[90m> \u001b[39m     at IncomingMessage.<anonymous> (/home/sami/code/amazon-clone/functions/node_modules/stripe/lib/StripeResource.js:190:33)"}}
[info] >      at Object.onceWrapper (events.js:420:28) {"user":"    at Object.onceWrapper (events.js:420:28)","metadata":{"emulator":{"name":"functions"},"function":{"name":"api"},"message":"\u001b[90m> \u001b[39m     at Object.onceWrapper (events.js:420:28)"}}
[info] >      at IncomingMessage.emit (events.js:326:22) {"user":"    at IncomingMessage.emit (events.js:326:22)","metadata":{"emulator":{"name":"functions"},"function":{"name":"api"},"message":"\u001b[90m> \u001b[39m     at IncomingMessage.emit (events.js:326:22)"}}
[info] >      at endReadableNT (_stream_readable.js:1244:12) {"user":"    at endReadableNT (_stream_readable.js:1244:12)","metadata":{"emulator":{"name":"functions"},"function":{"name":"api"},"message":"\u001b[90m> \u001b[39m     at endReadableNT (_stream_readable.js:1244:12)"}}
[info] >      at processTicksAndRejections (internal/process/task_queues.js:80:21) {"user":"    at processTicksAndRejections (internal/process/task_queues.js:80:21)","metadata":{"emulator":{"name":"functions"},"function":{"name":"api"},"message":"\u001b[90m> \u001b[39m     at processTicksAndRejections (internal/process/task_queues.js:80:21)"}}
[info] >  (Use `node --trace-warnings ...` to show where the warning was created) {"user":"(Use `node --trace-warnings ...` to show where the warning was created)","metadata":{"emulator":{"name":"functions"},"function":{"name":"api"},"message":"\u001b[90m> \u001b[39m (Use `node --trace-warnings ...` to show where the warning was created)"}}
[info] >  (node:58293) UnhandledPromiseRejectionWarning: Unhandled promise rejection. This error originated either by throwing inside of an async function without a catch block, or by rejecting a promise which was not handled with .catch(). To terminate the node process on unhandled promise rejection, use the CLI flag `--unhandled-rejections=strict` (see https://nodejs.org/api/cli.html#cli_unhandled_rejections_mode). (rejection id: 1) {"user":"(node:58293) UnhandledPromiseRejectionWarning: Unhandled promise rejection. This error originated either by throwing inside of an async function without a catch block, or by rejecting a promise which was not handled with .catch(). To terminate the node process on unhandled promise rejection, use the CLI flag `--unhandled-rejections=strict` (see https://nodejs.org/api/cli.html#cli_unhandled_rejections_mode). (rejection id: 1)","metadata":{"emulator":{"name":"functions"},"function":{"name":"api"},"message":"\u001b[90m> \u001b[39m (node:58293) UnhandledPromiseRejectionWarning: Unhandled promise rejection. This error originated either by throwing inside of an async function without a catch block, or by rejecting a promise which was not handled with .catch(). To terminate the node process on unhandled promise rejection, use the CLI flag `--unhandled-rejections=strict` (see https://nodejs.org/api/cli.html#cli_unhandled_rejections_mode). (rejection id: 1)"}}
[info] >  (node:58293) [DEP0018] DeprecationWarning: Unhandled promise rejections are deprecated. In the future, promise rejections that are not handled will terminate the Node.js process with a non-zero exit code. {"user":"(node:58293) [DEP0018] DeprecationWarning: Unhandled promise rejections are deprecated. In the future, promise rejections that are not handled will terminate the Node.js process with a non-zero exit code.","metadata":{"emulator":{"name":"functions"},"function":{"name":"api"},"message":"\u001b[90m> \u001b[39m (node:58293) [DEP0018] DeprecationWarning: Unhandled promise rejections are deprecated. In the future, promise rejections that are not handled will terminate the Node.js process with a non-zero exit code."}}
[warn] ⚠  functions: Your function timed out after ~60s. To configure this timeout, see
      https://firebase.google.com/docs/functions/manage-functions#set_timeout_and_memory_allocation. {"metadata":{"emulator":{"name":"functions"},"function":{"name":"api"},"message":"Your function timed out after ~60s. To configure this timeout, see\n      https://firebase.google.com/docs/functions/manage-functions#set_timeout_and_memory_allocation."}}
[info] >  /usr/lib/node_modules/firebase-tools/lib/emulator/functionsEmulatorRuntime.js:642 {"user":"/usr/lib/node_modules/firebase-tools/lib/emulator/functionsEmulatorRuntime.js:642","metadata":{"emulator":{"name":"functions"},"function":{"name":"api"},"message":"\u001b[90m> \u001b[39m /usr/lib/node_modules/firebase-tools/lib/emulator/functionsEmulatorRuntime.js:642"}}
[info] >                  throw new Error("Function timed out."); {"user":"                throw new Error(\"Function timed out.\");","metadata":{"emulator":{"name":"functions"},"function":{"name":"api"},"message":"\u001b[90m> \u001b[39m                 throw new Error(\"Function timed out.\");"}}
[info] >                  ^ {"user":"                ^","metadata":{"emulator":{"name":"functions"},"function":{"name":"api"},"message":"\u001b[90m> \u001b[39m                 ^"}}
[info] >   {"user":"","metadata":{"emulator":{"name":"functions"},"function":{"name":"api"},"message":"\u001b[90m> \u001b[39m "}}
[info] >  Error: Function timed out. {"user":"Error: Function timed out.","metadata":{"emulator":{"name":"functions"},"function":{"name":"api"},"message":"\u001b[90m> \u001b[39m Error: Function timed out."}}
[info] >      at Timeout._onTimeout (/usr/lib/node_modules/firebase-tools/lib/emulator/functionsEmulatorRuntime.js:642:23) {"user":"    at Timeout._onTimeout (/usr/lib/node_modules/firebase-tools/lib/emulator/functionsEmulatorRuntime.js:642:23)","metadata":{"emulator":{"name":"functions"},"function":{"name":"api"},"message":"\u001b[90m> \u001b[39m     at Timeout._onTimeout (/usr/lib/node_modules/firebase-tools/lib/emulator/functionsEmulatorRuntime.js:642:23)"}}
[info] >      at listOnTimeout (internal/timers.js:554:17) {"user":"    at listOnTimeout (internal/timers.js:554:17)","metadata":{"emulator":{"name":"functions"},"function":{"name":"api"},"message":"\u001b[90m> \u001b[39m     at listOnTimeout (internal/timers.js:554:17)"}}
[info] >      at processTimers (internal/timers.js:497:7) {"user":"    at processTimers (internal/timers.js:497:7)","metadata":{"emulator":{"name":"functions"},"function":{"name":"api"},"message":"\u001b[90m> \u001b[39m     at processTimers (internal/timers.js:497:7)"}}
[debug] [2020-09-13T10:49:51.573Z] [worker-api-05d8d14a-8a87-499d-bed2-9ecfe74da8a0]: exited {"metadata":{"emulator":{"name":"functions"},"message":"[worker-api-05d8d14a-8a87-499d-bed2-9ecfe74da8a0]: exited"}}
[debug] [2020-09-13T10:49:51.574Z] [worker-api-05d8d14a-8a87-499d-bed2-9ecfe74da8a0]: FINISHED {"metadata":{"emulator":{"name":"functions"},"message":"[worker-api-05d8d14a-8a87-499d-bed2-9ecfe74da8a0]: FINISHED"}}
[debug] [2020-09-13T10:49:51.574Z] [work-queue] {"queueLength":0,"workRunningCount":0}
[debug] [2020-09-13T10:53:16.126Z] [work-queue] {"queueLength":1,"workRunningCount":0}
[debug] [2020-09-13T10:53:16.126Z] [work-queue] {"queueLength":0,"workRunningCount":1}
[debug] [2020-09-13T10:53:16.126Z] Accepted request POST /challenge-97a60/us-central1/api/payments/create?total=123999 --> api
[debug] [2020-09-13T10:53:16.126Z] [worker-pool] Cleaned up workers for api: 1 --> 0 {"metadata":{"emulator":{"name":"functions"},"message":"[worker-pool] Cleaned up workers for api: 1 --> 0"}}
[debug] [2020-09-13T10:53:16.198Z] [worker-pool] addWorker(api) {"metadata":{"emulator":{"name":"functions"},"message":"[worker-pool] addWorker(api)"}}
[debug] [2020-09-13T10:53:16.199Z] [worker-pool] Adding worker with key api, total=1 {"metadata":{"emulator":{"name":"functions"},"message":"[worker-pool] Adding worker with key api, total=1"}}
[debug] [2020-09-13T10:53:16.199Z] [worker-pool] submitWork(triggerId=api) {"metadata":{"emulator":{"name":"functions"},"message":"[worker-pool] submitWork(triggerId=api)"}}
[debug] [2020-09-13T10:53:16.199Z] [worker-api-9b6cb4d7-fb89-4495-96d9-a4cc6e0c0215]: Assigning socketPath: /tmp/fire_emu_59102.sock {"metadata":{"emulator":{"name":"functions"},"message":"[worker-api-9b6cb4d7-fb89-4495-96d9-a4cc6e0c0215]: Assigning socketPath: /tmp/fire_emu_59102.sock"}}
[debug] [2020-09-13T10:53:16.199Z] [worker-api-9b6cb4d7-fb89-4495-96d9-a4cc6e0c0215]: BUSY {"metadata":{"emulator":{"name":"functions"},"message":"[worker-api-9b6cb4d7-fb89-4495-96d9-a4cc6e0c0215]: BUSY"}}
[debug] [2020-09-13T10:53:19.681Z] [runtime-status] [59102] Functions runtime initialized. {"cwd":"/home/sami/code/amazon-clone/functions","node_version":"14.9.0"} {"metadata":{"emulator":{"name":"functions"},"function":{"name":"api"},"message":"[runtime-status] [59102] Functions runtime initialized. {\"cwd\":\"/home/sami/code/amazon-clone/functions\",\"node_version\":\"14.9.0\"}"}}
[debug] [2020-09-13T10:53:19.685Z] [runtime-status] [59102] Disabled runtime features: undefined {"metadata":{"emulator":{"name":"functions"},"function":{"name":"api"},"message":"[runtime-status] [59102] Disabled runtime features: undefined"}}
[debug] [2020-09-13T10:53:19.776Z] [runtime-status] [59102] Resolved module firebase-admin {"declared":true,"installed":true,"version":"8.13.0","resolution":"/home/sami/code/amazon-clone/functions/node_modules/firebase-admin/lib/index.js"} {"metadata":{"emulator":{"name":"functions"},"function":{"name":"api"},"message":"[runtime-status] [59102] Resolved module firebase-admin {\"declared\":true,\"installed\":true,\"version\":\"8.13.0\",\"resolution\":\"/home/sami/code/amazon-clone/functions/node_modules/firebase-admin/lib/index.js\"}"}}
[debug] [2020-09-13T10:53:19.784Z] [runtime-status] [59102] Resolved module firebase-functions {"declared":true,"installed":true,"version":"3.11.0","resolution":"/home/sami/code/amazon-clone/functions/node_modules/firebase-functions/lib/index.js"} {"metadata":{"emulator":{"name":"functions"},"function":{"name":"api"},"message":"[runtime-status] [59102] Resolved module firebase-functions {\"declared\":true,\"installed\":true,\"version\":\"3.11.0\",\"resolution\":\"/home/sami/code/amazon-clone/functions/node_modules/firebase-functions/lib/index.js\"}"}}
[debug] [2020-09-13T10:53:19.834Z] [runtime-status] [59102] Resolved module firebase-functions {"declared":true,"installed":true,"version":"3.11.0","resolution":"/home/sami/code/amazon-clone/functions/node_modules/firebase-functions/lib/index.js"} {"metadata":{"emulator":{"name":"functions"},"function":{"name":"api"},"message":"[runtime-status] [59102] Resolved module firebase-functions {\"declared\":true,\"installed\":true,\"version\":\"3.11.0\",\"resolution\":\"/home/sami/code/amazon-clone/functions/node_modules/firebase-functions/lib/index.js\"}"}}
[debug] [2020-09-13T10:53:19.838Z] [runtime-status] [59102] Outgoing network have been stubbed. [{"name":"http","status":"mocked"},{"name":"http","status":"mocked"},{"name":"https","status":"mocked"},{"name":"https","status":"mocked"},{"name":"net","status":"mocked"}] {"metadata":{"emulator":{"name":"functions"},"function":{"name":"api"},"message":"[runtime-status] [59102] Outgoing network have been stubbed. [{\"name\":\"http\",\"status\":\"mocked\"},{\"name\":\"http\",\"status\":\"mocked\"},{\"name\":\"https\",\"status\":\"mocked\"},{\"name\":\"https\",\"status\":\"mocked\"},{\"name\":\"net\",\"status\":\"mocked\"}]"}}
[debug] [2020-09-13T10:53:19.839Z] [runtime-status] [59102] Resolved module firebase-functions {"declared":true,"installed":true,"version":"3.11.0","resolution":"/home/sami/code/amazon-clone/functions/node_modules/firebase-functions/lib/index.js"} {"metadata":{"emulator":{"name":"functions"},"function":{"name":"api"},"message":"[runtime-status] [59102] Resolved module firebase-functions {\"declared\":true,\"installed\":true,\"version\":\"3.11.0\",\"resolution\":\"/home/sami/code/amazon-clone/functions/node_modules/firebase-functions/lib/index.js\"}"}}
[debug] [2020-09-13T10:53:20.198Z] [runtime-status] [59102] Checked functions.config() {"config":{}} {"metadata":{"emulator":{"name":"functions"},"function":{"name":"api"},"message":"[runtime-status] [59102] Checked functions.config() {\"config\":{}}"}}
[debug] [2020-09-13T10:53:20.199Z] [runtime-status] [59102] firebase-functions has been stubbed. {"functionsResolution":{"declared":true,"installed":true,"version":"3.11.0","resolution":"/home/sami/code/amazon-clone/functions/node_modules/firebase-functions/lib/index.js"}} {"metadata":{"emulator":{"name":"functions"},"function":{"name":"api"},"message":"[runtime-status] [59102] firebase-functions has been stubbed. {\"functionsResolution\":{\"declared\":true,\"installed\":true,\"version\":\"3.11.0\",\"resolution\":\"/home/sami/code/amazon-clone/functions/node_modules/firebase-functions/lib/index.js\"}}"}}
[debug] [2020-09-13T10:53:20.199Z] [runtime-status] [59102] Resolved module firebase-functions {"declared":true,"installed":true,"version":"3.11.0","resolution":"/home/sami/code/amazon-clone/functions/node_modules/firebase-functions/lib/index.js"} {"metadata":{"emulator":{"name":"functions"},"function":{"name":"api"},"message":"[runtime-status] [59102] Resolved module firebase-functions {\"declared\":true,\"installed\":true,\"version\":\"3.11.0\",\"resolution\":\"/home/sami/code/amazon-clone/functions/node_modules/firebase-functions/lib/index.js\"}"}}
[debug] [2020-09-13T10:53:20.200Z] [runtime-status] [59102] Resolved module firebase-admin {"declared":true,"installed":true,"version":"8.13.0","resolution":"/home/sami/code/amazon-clone/functions/node_modules/firebase-admin/lib/index.js"} {"metadata":{"emulator":{"name":"functions"},"function":{"name":"api"},"message":"[runtime-status] [59102] Resolved module firebase-admin {\"declared\":true,\"installed\":true,\"version\":\"8.13.0\",\"resolution\":\"/home/sami/code/amazon-clone/functions/node_modules/firebase-admin/lib/index.js\"}"}}
[debug] [2020-09-13T10:53:20.201Z] [runtime-status] [59102] Resolved module firebase-functions {"declared":true,"installed":true,"version":"3.11.0","resolution":"/home/sami/code/amazon-clone/functions/node_modules/firebase-functions/lib/index.js"} {"metadata":{"emulator":{"name":"functions"},"function":{"name":"api"},"message":"[runtime-status] [59102] Resolved module firebase-functions {\"declared\":true,\"installed\":true,\"version\":\"3.11.0\",\"resolution\":\"/home/sami/code/amazon-clone/functions/node_modules/firebase-functions/lib/index.js\"}"}}
[debug] [2020-09-13T10:53:20.201Z] [runtime-status] [59102] firebase-admin has been stubbed. {"adminResolution":{"declared":true,"installed":true,"version":"8.13.0","resolution":"/home/sami/code/amazon-clone/functions/node_modules/firebase-admin/lib/index.js"}} {"metadata":{"emulator":{"name":"functions"},"function":{"name":"api"},"message":"[runtime-status] [59102] firebase-admin has been stubbed. {\"adminResolution\":{\"declared\":true,\"installed\":true,\"version\":\"8.13.0\",\"resolution\":\"/home/sami/code/amazon-clone/functions/node_modules/firebase-admin/lib/index.js\"}}"}}
[debug] [2020-09-13T10:53:21.327Z] [runtime-status] [59102] Trigger "api" has been found, beginning invocation! {"metadata":{"emulator":{"name":"functions"},"function":{"name":"api"},"message":"[runtime-status] [59102] Trigger \"api\" has been found, beginning invocation!"}}
[info] i  functions: Beginning execution of "api" {"metadata":{"emulator":{"name":"functions"},"function":{"name":"api"},"message":"Beginning execution of \"api\""}}
[debug] [2020-09-13T10:53:21.329Z] [runtime-status] [59102] triggerDefinition {"httpsTrigger":{},"name":"api","entryPoint":"api"} {"metadata":{"emulator":{"name":"functions"},"function":{"name":"api"},"message":"[runtime-status] [59102] triggerDefinition {\"httpsTrigger\":{},\"name\":\"api\",\"entryPoint\":\"api\"}"}}
[debug] [2020-09-13T10:53:21.329Z] [runtime-status] [59102] Running api in mode HTTPS {"metadata":{"emulator":{"name":"functions"},"function":{"name":"api"},"message":"[runtime-status] [59102] Running api in mode HTTPS"}}
[debug] [2020-09-13T10:53:21.332Z] [runtime-status] [59102] Attempting to listen to socketPath: /tmp/fire_emu_59102.sock {"metadata":{"emulator":{"name":"functions"},"function":{"name":"api"},"message":"[runtime-status] [59102] Attempting to listen to socketPath: /tmp/fire_emu_59102.sock"}}
[debug] [2020-09-13T10:53:21.492Z] [functions] Runtime ready! Sending request! {"metadata":{"emulator":{"name":"functions"},"message":"[functions] Runtime ready! Sending request!"}}
[debug] [2020-09-13T10:53:21.505Z] [runtime-status] [59102] Ephemeral server handling POST request {"metadata":{"emulator":{"name":"functions"},"function":{"name":"api"},"message":"[runtime-status] [59102] Ephemeral server handling POST request"}}
[info] >  Payment Request Received! amount : 123999 {"user":"Payment Request Received! amount : 123999","metadata":{"emulator":{"name":"functions"},"function":{"name":"api"},"message":"\u001b[90m> \u001b[39m Payment Request Received! amount : 123999"}}
[debug] [2020-09-13T10:53:21.520Z] [runtime-status] [59102] Ephemeral server survived. {"metadata":{"emulator":{"name":"functions"},"function":{"name":"api"},"message":"[runtime-status] [59102] Ephemeral server survived."}}
[info] i  functions: Finished "api" in ~1s {"metadata":{"emulator":{"name":"functions"},"function":{"name":"api"},"message":"Finished \"api\" in ~1s"}}
[debug] [2020-09-13T10:53:22.196Z] [worker-api-9b6cb4d7-fb89-4495-96d9-a4cc6e0c0215]: IDLE {"metadata":{"emulator":{"name":"functions"},"message":"[worker-api-9b6cb4d7-fb89-4495-96d9-a4cc6e0c0215]: IDLE"}}
[debug] [2020-09-13T10:53:22.197Z] [work-queue] {"queueLength":0,"workRunningCount":0}
